<?xml version="1.0" encoding="UTF-8"?>
<testsuites name="Flow Login" time="173.852" tests="10" failures="0" errors="0">
   <testsuite name="Flow Login" tests="10" failures="0" errors="0" time="173.852" skipped="0" timestamp="31-07-2024T14:10:49" hostname="User - DESKTOP-SSNE543" id="Test Suites/Flow Login">
      <properties>
         <property name="deviceName" value=""/>
         <property name="devicePlatform"/>
         <property name="logFolder" value="C:\\Users\\User\\git\\SariRasa-Webpos\\Reports\\20240731_141042\\Flow Login\\20240731_141042"/>
         <property name="logFiles" value="C:\\Users\\User\\git\\SariRasa-Webpos\\Reports\\20240731_141042\\Flow Login\\20240731_141042\\execution0.log"/>
         <property name="attachments" value="C:\\Users\\User\\git\\SariRasa-Webpos\\Reports\\20240731_141042\\Flow Login\\20240731_141042\\1722409861706.png, C:\\Users\\User\\git\\SariRasa-Webpos\\Reports\\20240731_141042\\Flow Login\\20240731_141042\\1722409870652.png"/>
         <property name="hostName" value="User - DESKTOP-SSNE543"/>
         <property name="os" value="Windows 10 64bit"/>
         <property name="katalonVersion" value="9.5.0.217"/>
         <property name="browser" value="Chrome 126.0.0.0"/>
         <property name="hostAddress" value="172.25.5.124"/>
         <property name="sessionId" value="29bd5599d94bb1963f6a10fce645b414"/>
         <property name="seleniumVersion" value="3.141.59"/>
         <property name="proxyInformation" value="ProxyInformation { proxyOption=NO_PROXY, proxyServerType=HTTP, username=, password=********, proxyServerAddress=, proxyServerPort=0, executionList=&quot;&quot;, isApplyToDesiredCapabilities=true }"/>
         <property name="platform" value="Windows 10"/>
      </properties>
      <testcase name="Test Cases/001. Login - password tidak terdaftar" time="11.934" classname="Test Cases/001. Login - password tidak terdaftar" status="PASSED">
         <system-out><![CDATA[31-07-2024T14:10:49 - [TEST_CASE][PASSED] - Test Cases/001. Login - password tidak terdaftar: Test Cases/001. Login - password tidak terdaftar

31-07-2024T14:10:50 - [TEST_STEP][PASSED] - openBrowser(""): Browser is opened with url: ''

31-07-2024T14:10:51 - [MESSAGE][INFO] - Starting 'Chrome' driver

31-07-2024T14:10:51 - [MESSAGE][INFO] - Action delay is set to 0 milliseconds

31-07-2024T14:10:54 - [MESSAGE][PASSED] - Browser is opened with url: ''

31-07-2024T14:10:54 - [TEST_STEP][PASSED] - navigateToUrl("https://webposqc.missarirasa.com/login"): Navigate to 'https://webposqc.missarirasa.com/login' successfully

31-07-2024T14:10:57 - [MESSAGE][PASSED] - Navigate to 'https://webposqc.missarirasa.com/login' successfully

31-07-2024T14:10:57 - [TEST_STEP][PASSED] - maximizeWindow(): Current window maximized

31-07-2024T14:10:58 - [MESSAGE][PASSED] - Current window maximized

31-07-2024T14:10:58 - [TEST_STEP][PASSED] - click(findTestObject("Object Repository/Login_Sarirasa WebPOS/input_ID Sarirasa_inputNIK")): Object: 'Object Repository/Login_Sarirasa WebPOS/input_ID Sarirasa_inputNIK' is clicked on

31-07-2024T14:10:58 - [MESSAGE][PASSED] - Object: 'Object Repository/Login_Sarirasa WebPOS/input_ID Sarirasa_inputNIK' is clicked on

31-07-2024T14:10:58 - [TEST_STEP][PASSED] - setText(findTestObject("Object Repository/Login_Sarirasa WebPOS/input_ID Sarirasa_inputNIK"), "61653"): Text '61653' is set on object 'Object Repository/Login_Sarirasa WebPOS/input_ID Sarirasa_inputNIK'

31-07-2024T14:10:59 - [MESSAGE][PASSED] - Text '61653' is set on object 'Object Repository/Login_Sarirasa WebPOS/input_ID Sarirasa_inputNIK'

31-07-2024T14:10:59 - [TEST_STEP][PASSED] - setText(findTestObject("Object Repository/Login_Sarirasa WebPOS/input_Password_inputPassword"), "salah password"): Text 'salah password' is set on object 'Object Repository/Login_Sarirasa WebPOS/input_Password_inputPassword'

31-07-2024T14:11:00 - [MESSAGE][PASSED] - Text 'salah password' is set on object 'Object Repository/Login_Sarirasa WebPOS/input_Password_inputPassword'

31-07-2024T14:11:00 - [TEST_STEP][PASSED] - click(findTestObject("Object Repository/Login_Sarirasa WebPOS/button_Login")): Object: 'Object Repository/Login_Sarirasa WebPOS/button_Login' is clicked on

31-07-2024T14:11:01 - [MESSAGE][PASSED] - Object: 'Object Repository/Login_Sarirasa WebPOS/button_Login' is clicked on

31-07-2024T14:11:01 - [TEST_STEP][PASSED] - verifyElementText(findTestObject("Login_Sarirasa WebPOS/1.Validasi Login/div_Maaf, Data tidak sesuai. Silahkan coba lagi"), "Maaf, Id tidak ditemukan", OPTIONAL): Actual text '×
Maaf, Data tidak sesuai. Silahkan coba lagi!' and expected text 'Maaf, Id tidak ditemukan' of test object 'Object Repository/Login_Sarirasa WebPOS/1.Validasi Login/div_Maaf, Data tidak sesuai. Silahkan coba lagi' are NOT matched. (Root cause: com.kms.katalon.core.exception.StepFailedException: Actual text '×
Maaf, Data tidak sesuai. Silahkan coba lagi!' and expected text 'Maaf, Id tidak ditemukan' of test object 'Object Repository/Login_Sarirasa WebPOS/1.Validasi Login/div_Maaf, Data tidak sesuai. Silahkan coba lagi' are NOT matched.
	at com.kms.katalon.core.webui.keyword.internal.WebUIKeywordMain.stepFailed(WebUIKeywordMain.groovy:64)
	at com.kms.katalon.core.webui.keyword.builtin.VerifyElementTextKeyword$_verifyElementText_closure1.doCall(VerifyElementTextKeyword.groovy:57)
	at com.kms.katalon.core.webui.keyword.builtin.VerifyElementTextKeyword$_verifyElementText_closure1.call(VerifyElementTextKeyword.groovy)
	at com.kms.katalon.core.webui.keyword.internal.WebUIKeywordMain.runKeyword(WebUIKeywordMain.groovy:20)
	at com.kms.katalon.core.webui.keyword.builtin.VerifyElementTextKeyword.verifyElementText(VerifyElementTextKeyword.groovy:72)
	at com.kms.katalon.core.webui.keyword.builtin.VerifyElementTextKeyword.execute(VerifyElementTextKeyword.groovy:40)
	at com.kms.katalon.core.keyword.internal.KeywordExecutor.executeKeywordForPlatform(KeywordExecutor.groovy:74)
	at com.kms.katalon.core.webui.keyword.WebUiBuiltInKeywords.verifyElementText(WebUiBuiltInKeywords.groovy:4819)
	at 001. Login - password tidak terdaftar.run(001. Login - password tidak terdaftar:34)
	at com.kms.katalon.core.main.ScriptEngine.run(ScriptEngine.java:194)
	at com.kms.katalon.core.main.ScriptEngine.runScriptAsRawText(ScriptEngine.java:119)
	at com.kms.katalon.core.main.TestCaseExecutor.runScript(TestCaseExecutor.java:448)
	at com.kms.katalon.core.main.TestCaseExecutor.doExecute(TestCaseExecutor.java:439)
	at com.kms.katalon.core.main.TestCaseExecutor.processExecutionPhase(TestCaseExecutor.java:418)
	at com.kms.katalon.core.main.TestCaseExecutor.accessMainPhase(TestCaseExecutor.java:410)
	at com.kms.katalon.core.main.TestCaseExecutor.execute(TestCaseExecutor.java:285)
	at com.kms.katalon.core.common.CommonExecutor.accessTestCaseMainPhase(CommonExecutor.java:65)
	at com.kms.katalon.core.main.TestSuiteExecutor.accessTestSuiteMainPhase(TestSuiteExecutor.java:150)
	at com.kms.katalon.core.main.TestSuiteExecutor.execute(TestSuiteExecutor.java:106)
	at com.kms.katalon.core.main.TestCaseMain.startTestSuite(TestCaseMain.java:180)
	at TempTestSuite1722409842108.run(TempTestSuite1722409842108.groovy:35)
	at java.base/jdk.internal.reflect.NativeMethodAccessorImpl.invoke0(Native Method)
	at java.base/jdk.internal.reflect.NativeMethodAccessorImpl.invoke(NativeMethodAccessorImpl.java:77)
	at java.base/jdk.internal.reflect.DelegatingMethodAccessorImpl.invoke(DelegatingMethodAccessorImpl.java:43)
)

31-07-2024T14:11:01 - [MESSAGE][WARNING] - Actual text '×
Maaf, Data tidak sesuai. Silahkan coba lagi!' and expected text 'Maaf, Id tidak ditemukan' of test object 'Object Repository/Login_Sarirasa WebPOS/1.Validasi Login/div_Maaf, Data tidak sesuai. Silahkan coba lagi' are NOT matched. (Root cause: com.kms.katalon.core.exception.StepFailedException: Actual text '×
Maaf, Data tidak sesuai. Silahkan coba lagi!' and expected text 'Maaf, Id tidak ditemukan' of test object 'Object Repository/Login_Sarirasa WebPOS/1.Validasi Login/div_Maaf, Data tidak sesuai. Silahkan coba lagi' are NOT matched.
	at com.kms.katalon.core.webui.keyword.internal.WebUIKeywordMain.stepFailed(WebUIKeywordMain.groovy:64)
	at com.kms.katalon.core.webui.keyword.builtin.VerifyElementTextKeyword$_verifyElementText_closure1.doCall(VerifyElementTextKeyword.groovy:57)
	at com.kms.katalon.core.webui.keyword.builtin.VerifyElementTextKeyword$_verifyElementText_closure1.call(VerifyElementTextKeyword.groovy)
	at com.kms.katalon.core.webui.keyword.internal.WebUIKeywordMain.runKeyword(WebUIKeywordMain.groovy:20)
	at com.kms.katalon.core.webui.keyword.builtin.VerifyElementTextKeyword.verifyElementText(VerifyElementTextKeyword.groovy:72)
	at com.kms.katalon.core.webui.keyword.builtin.VerifyElementTextKeyword.execute(VerifyElementTextKeyword.groovy:40)
	at com.kms.katalon.core.keyword.internal.KeywordExecutor.executeKeywordForPlatform(KeywordExecutor.groovy:74)
	at com.kms.katalon.core.webui.keyword.WebUiBuiltInKeywords.verifyElementText(WebUiBuiltInKeywords.groovy:4819)
	at 001. Login - password tidak terdaftar.run(001. Login - password tidak terdaftar:34)
	at com.kms.katalon.core.main.ScriptEngine.run(ScriptEngine.java:194)
	at com.kms.katalon.core.main.ScriptEngine.runScriptAsRawText(ScriptEngine.java:119)
	at com.kms.katalon.core.main.TestCaseExecutor.runScript(TestCaseExecutor.java:448)
	at com.kms.katalon.core.main.TestCaseExecutor.doExecute(TestCaseExecutor.java:439)
	at com.kms.katalon.core.main.TestCaseExecutor.processExecutionPhase(TestCaseExecutor.java:418)
	at com.kms.katalon.core.main.TestCaseExecutor.accessMainPhase(TestCaseExecutor.java:410)
	at com.kms.katalon.core.main.TestCaseExecutor.execute(TestCaseExecutor.java:285)
	at com.kms.katalon.core.common.CommonExecutor.accessTestCaseMainPhase(CommonExecutor.java:65)
	at com.kms.katalon.core.main.TestSuiteExecutor.accessTestSuiteMainPhase(TestSuiteExecutor.java:150)
	at com.kms.katalon.core.main.TestSuiteExecutor.execute(TestSuiteExecutor.java:106)
	at com.kms.katalon.core.main.TestCaseMain.startTestSuite(TestCaseMain.java:180)
	at TempTestSuite1722409842108.run(TempTestSuite1722409842108.groovy:35)
	at java.base/jdk.internal.reflect.NativeMethodAccessorImpl.invoke0(Native Method)
	at java.base/jdk.internal.reflect.NativeMethodAccessorImpl.invoke(NativeMethodAccessorImpl.java:77)
	at java.base/jdk.internal.reflect.DelegatingMethodAccessorImpl.invoke(DelegatingMethodAccessorImpl.java:43)
)
[[ATTACHMENT|C:\\Users\\User\\git\\SariRasa-Webpos\\Reports\\20240731_141042\\Flow Login\\20240731_141042\\1722409861706.png]]]]></system-out>
         <system-err><![CDATA[]]></system-err>
      </testcase>
      <testcase name="Test Cases/002. Login - username tidak terdaftar" time="8.919" classname="Test Cases/002. Login - username tidak terdaftar" status="PASSED">
         <system-out><![CDATA[31-07-2024T14:11:01 - [TEST_CASE][PASSED] - Test Cases/002. Login - username tidak terdaftar: Test Cases/002. Login - username tidak terdaftar

31-07-2024T14:11:02 - [TEST_STEP][PASSED] - openBrowser(""): Browser is opened with url: ''

31-07-2024T14:11:02 - [MESSAGE][WARNING] - A browser is already opened. Closing browser and opening a new one

31-07-2024T14:11:02 - [MESSAGE][INFO] - Starting 'Chrome' driver

31-07-2024T14:11:02 - [MESSAGE][INFO] - Action delay is set to 0 milliseconds

31-07-2024T14:11:03 - [MESSAGE][PASSED] - Browser is opened with url: ''

31-07-2024T14:11:03 - [TEST_STEP][PASSED] - navigateToUrl("https://webposqc.missarirasa.com/login"): Navigate to 'https://webposqc.missarirasa.com/login' successfully

31-07-2024T14:11:07 - [MESSAGE][PASSED] - Navigate to 'https://webposqc.missarirasa.com/login' successfully

31-07-2024T14:11:07 - [TEST_STEP][PASSED] - maximizeWindow(): Current window maximized

31-07-2024T14:11:07 - [MESSAGE][PASSED] - Current window maximized

31-07-2024T14:11:07 - [TEST_STEP][PASSED] - click(findTestObject("Object Repository/Login_Sarirasa WebPOS/input_ID Sarirasa_inputNIK")): Object: 'Object Repository/Login_Sarirasa WebPOS/input_ID Sarirasa_inputNIK' is clicked on

31-07-2024T14:11:08 - [MESSAGE][PASSED] - Object: 'Object Repository/Login_Sarirasa WebPOS/input_ID Sarirasa_inputNIK' is clicked on

31-07-2024T14:11:08 - [TEST_STEP][PASSED] - setText(findTestObject("Object Repository/Login_Sarirasa WebPOS/input_ID Sarirasa_inputNIK"), "username tidak terdaftar"): Text 'username tidak terdaftar' is set on object 'Object Repository/Login_Sarirasa WebPOS/input_ID Sarirasa_inputNIK'

31-07-2024T14:11:08 - [MESSAGE][PASSED] - Text 'username tidak terdaftar' is set on object 'Object Repository/Login_Sarirasa WebPOS/input_ID Sarirasa_inputNIK'

31-07-2024T14:11:08 - [TEST_STEP][PASSED] - setText(findTestObject("Object Repository/Login_Sarirasa WebPOS/input_Password_inputPassword"), "sarirasa1"): Text 'sarirasa1' is set on object 'Object Repository/Login_Sarirasa WebPOS/input_Password_inputPassword'

31-07-2024T14:11:09 - [MESSAGE][PASSED] - Text 'sarirasa1' is set on object 'Object Repository/Login_Sarirasa WebPOS/input_Password_inputPassword'

31-07-2024T14:11:09 - [TEST_STEP][PASSED] - click(findTestObject("Object Repository/Login_Sarirasa WebPOS/button_Login")): Object: 'Object Repository/Login_Sarirasa WebPOS/button_Login' is clicked on

31-07-2024T14:11:10 - [MESSAGE][PASSED] - Object: 'Object Repository/Login_Sarirasa WebPOS/button_Login' is clicked on

31-07-2024T14:11:10 - [TEST_STEP][PASSED] - verifyElementText(findTestObject("Login_Sarirasa WebPOS/1.Validasi Login/div_Maaf, Id tidak ditemukan"), "Maaf, Id tidak ditemukan", OPTIONAL): Actual text '×
Maaf, Id tidak ditemukan' and expected text 'Maaf, Id tidak ditemukan' of test object 'Object Repository/Login_Sarirasa WebPOS/1.Validasi Login/div_Maaf, Id tidak ditemukan' are NOT matched. (Root cause: com.kms.katalon.core.exception.StepFailedException: Actual text '×
Maaf, Id tidak ditemukan' and expected text 'Maaf, Id tidak ditemukan' of test object 'Object Repository/Login_Sarirasa WebPOS/1.Validasi Login/div_Maaf, Id tidak ditemukan' are NOT matched.
	at com.kms.katalon.core.webui.keyword.internal.WebUIKeywordMain.stepFailed(WebUIKeywordMain.groovy:64)
	at com.kms.katalon.core.webui.keyword.builtin.VerifyElementTextKeyword$_verifyElementText_closure1.doCall(VerifyElementTextKeyword.groovy:57)
	at com.kms.katalon.core.webui.keyword.builtin.VerifyElementTextKeyword$_verifyElementText_closure1.call(VerifyElementTextKeyword.groovy)
	at com.kms.katalon.core.webui.keyword.internal.WebUIKeywordMain.runKeyword(WebUIKeywordMain.groovy:20)
	at com.kms.katalon.core.webui.keyword.builtin.VerifyElementTextKeyword.verifyElementText(VerifyElementTextKeyword.groovy:72)
	at com.kms.katalon.core.webui.keyword.builtin.VerifyElementTextKeyword.execute(VerifyElementTextKeyword.groovy:40)
	at com.kms.katalon.core.keyword.internal.KeywordExecutor.executeKeywordForPlatform(KeywordExecutor.groovy:74)
	at com.kms.katalon.core.webui.keyword.WebUiBuiltInKeywords.verifyElementText(WebUiBuiltInKeywords.groovy:4819)
	at 002. Login - username tidak terdaftar.run(002. Login - username tidak terdaftar:34)
	at com.kms.katalon.core.main.ScriptEngine.run(ScriptEngine.java:194)
	at com.kms.katalon.core.main.ScriptEngine.runScriptAsRawText(ScriptEngine.java:119)
	at com.kms.katalon.core.main.TestCaseExecutor.runScript(TestCaseExecutor.java:448)
	at com.kms.katalon.core.main.TestCaseExecutor.doExecute(TestCaseExecutor.java:439)
	at com.kms.katalon.core.main.TestCaseExecutor.processExecutionPhase(TestCaseExecutor.java:418)
	at com.kms.katalon.core.main.TestCaseExecutor.accessMainPhase(TestCaseExecutor.java:410)
	at com.kms.katalon.core.main.TestCaseExecutor.execute(TestCaseExecutor.java:285)
	at com.kms.katalon.core.common.CommonExecutor.accessTestCaseMainPhase(CommonExecutor.java:65)
	at com.kms.katalon.core.main.TestSuiteExecutor.accessTestSuiteMainPhase(TestSuiteExecutor.java:150)
	at com.kms.katalon.core.main.TestSuiteExecutor.execute(TestSuiteExecutor.java:106)
	at com.kms.katalon.core.main.TestCaseMain.startTestSuite(TestCaseMain.java:180)
	at TempTestSuite1722409842108.run(TempTestSuite1722409842108.groovy:35)
	at java.base/jdk.internal.reflect.NativeMethodAccessorImpl.invoke0(Native Method)
	at java.base/jdk.internal.reflect.NativeMethodAccessorImpl.invoke(NativeMethodAccessorImpl.java:77)
	at java.base/jdk.internal.reflect.DelegatingMethodAccessorImpl.invoke(DelegatingMethodAccessorImpl.java:43)
)

31-07-2024T14:11:10 - [MESSAGE][WARNING] - Actual text '×
Maaf, Id tidak ditemukan' and expected text 'Maaf, Id tidak ditemukan' of test object 'Object Repository/Login_Sarirasa WebPOS/1.Validasi Login/div_Maaf, Id tidak ditemukan' are NOT matched. (Root cause: com.kms.katalon.core.exception.StepFailedException: Actual text '×
Maaf, Id tidak ditemukan' and expected text 'Maaf, Id tidak ditemukan' of test object 'Object Repository/Login_Sarirasa WebPOS/1.Validasi Login/div_Maaf, Id tidak ditemukan' are NOT matched.
	at com.kms.katalon.core.webui.keyword.internal.WebUIKeywordMain.stepFailed(WebUIKeywordMain.groovy:64)
	at com.kms.katalon.core.webui.keyword.builtin.VerifyElementTextKeyword$_verifyElementText_closure1.doCall(VerifyElementTextKeyword.groovy:57)
	at com.kms.katalon.core.webui.keyword.builtin.VerifyElementTextKeyword$_verifyElementText_closure1.call(VerifyElementTextKeyword.groovy)
	at com.kms.katalon.core.webui.keyword.internal.WebUIKeywordMain.runKeyword(WebUIKeywordMain.groovy:20)
	at com.kms.katalon.core.webui.keyword.builtin.VerifyElementTextKeyword.verifyElementText(VerifyElementTextKeyword.groovy:72)
	at com.kms.katalon.core.webui.keyword.builtin.VerifyElementTextKeyword.execute(VerifyElementTextKeyword.groovy:40)
	at com.kms.katalon.core.keyword.internal.KeywordExecutor.executeKeywordForPlatform(KeywordExecutor.groovy:74)
	at com.kms.katalon.core.webui.keyword.WebUiBuiltInKeywords.verifyElementText(WebUiBuiltInKeywords.groovy:4819)
	at 002. Login - username tidak terdaftar.run(002. Login - username tidak terdaftar:34)
	at com.kms.katalon.core.main.ScriptEngine.run(ScriptEngine.java:194)
	at com.kms.katalon.core.main.ScriptEngine.runScriptAsRawText(ScriptEngine.java:119)
	at com.kms.katalon.core.main.TestCaseExecutor.runScript(TestCaseExecutor.java:448)
	at com.kms.katalon.core.main.TestCaseExecutor.doExecute(TestCaseExecutor.java:439)
	at com.kms.katalon.core.main.TestCaseExecutor.processExecutionPhase(TestCaseExecutor.java:418)
	at com.kms.katalon.core.main.TestCaseExecutor.accessMainPhase(TestCaseExecutor.java:410)
	at com.kms.katalon.core.main.TestCaseExecutor.execute(TestCaseExecutor.java:285)
	at com.kms.katalon.core.common.CommonExecutor.accessTestCaseMainPhase(CommonExecutor.java:65)
	at com.kms.katalon.core.main.TestSuiteExecutor.accessTestSuiteMainPhase(TestSuiteExecutor.java:150)
	at com.kms.katalon.core.main.TestSuiteExecutor.execute(TestSuiteExecutor.java:106)
	at com.kms.katalon.core.main.TestCaseMain.startTestSuite(TestCaseMain.java:180)
	at TempTestSuite1722409842108.run(TempTestSuite1722409842108.groovy:35)
	at java.base/jdk.internal.reflect.NativeMethodAccessorImpl.invoke0(Native Method)
	at java.base/jdk.internal.reflect.NativeMethodAccessorImpl.invoke(NativeMethodAccessorImpl.java:77)
	at java.base/jdk.internal.reflect.DelegatingMethodAccessorImpl.invoke(DelegatingMethodAccessorImpl.java:43)
)
[[ATTACHMENT|C:\\Users\\User\\git\\SariRasa-Webpos\\Reports\\20240731_141042\\Flow Login\\20240731_141042\\1722409870652.png]]]]></system-out>
         <system-err><![CDATA[]]></system-err>
      </testcase>
      <testcase name="Test Cases/01. Login - logout - managerial" time="24.065" classname="Test Cases/01. Login - logout - managerial" status="PASSED">
         <system-out><![CDATA[31-07-2024T14:11:10 - [TEST_CASE][PASSED] - Test Cases/01. Login - logout - managerial: Test Cases/01. Login - logout - managerial

31-07-2024T14:11:11 - [TEST_STEP][PASSED] - openBrowser(""): Browser is opened with url: ''

31-07-2024T14:11:11 - [MESSAGE][WARNING] - A browser is already opened. Closing browser and opening a new one

31-07-2024T14:11:11 - [MESSAGE][INFO] - Starting 'Chrome' driver

31-07-2024T14:11:11 - [MESSAGE][INFO] - Action delay is set to 0 milliseconds

31-07-2024T14:11:12 - [MESSAGE][PASSED] - Browser is opened with url: ''

31-07-2024T14:11:12 - [TEST_STEP][PASSED] - navigateToUrl("https://webposqc.missarirasa.com/login"): Navigate to 'https://webposqc.missarirasa.com/login' successfully

31-07-2024T14:11:15 - [MESSAGE][PASSED] - Navigate to 'https://webposqc.missarirasa.com/login' successfully

31-07-2024T14:11:15 - [TEST_STEP][PASSED] - maximizeWindow(): Current window maximized

31-07-2024T14:11:16 - [MESSAGE][PASSED] - Current window maximized

31-07-2024T14:11:16 - [TEST_STEP][PASSED] - click(findTestObject("Object Repository/Login_Sarirasa WebPOS/input_ID Sarirasa_inputNIK")): Object: 'Object Repository/Login_Sarirasa WebPOS/input_ID Sarirasa_inputNIK' is clicked on

31-07-2024T14:11:16 - [MESSAGE][PASSED] - Object: 'Object Repository/Login_Sarirasa WebPOS/input_ID Sarirasa_inputNIK' is clicked on

31-07-2024T14:11:16 - [TEST_STEP][PASSED] - setText(findTestObject("Object Repository/Login_Sarirasa WebPOS/input_ID Sarirasa_inputNIK"), "54760"): Text '54760' is set on object 'Object Repository/Login_Sarirasa WebPOS/input_ID Sarirasa_inputNIK'

31-07-2024T14:11:17 - [MESSAGE][PASSED] - Text '54760' is set on object 'Object Repository/Login_Sarirasa WebPOS/input_ID Sarirasa_inputNIK'

31-07-2024T14:11:17 - [TEST_STEP][PASSED] - setEncryptedText(findTestObject("Object Repository/Login_Sarirasa WebPOS/input_Password_inputPassword"), "Cg+cUiY7xQqTg1iegvaWgg=="): Text ****** has been set on object 'Object Repository/Login_Sarirasa WebPOS/input_Password_inputPassword'

31-07-2024T14:11:18 - [MESSAGE][PASSED] - Text ****** has been set on object 'Object Repository/Login_Sarirasa WebPOS/input_Password_inputPassword'

31-07-2024T14:11:18 - [TEST_STEP][PASSED] - click(findTestObject("Object Repository/Login_Sarirasa WebPOS/button_Login")): Object: 'Object Repository/Login_Sarirasa WebPOS/button_Login' is clicked on

31-07-2024T14:11:18 - [MESSAGE][PASSED] - Object: 'Object Repository/Login_Sarirasa WebPOS/button_Login' is clicked on

31-07-2024T14:11:18 - [TEST_STEP][PASSED] - selectOptionByValue(findTestObject("Login_Sarirasa WebPOS/2.User-Managerial/select_Tipe User Kasir 1Kasir 2Kasir 3Kasir_c131aa"), "kasir_1", true): All options with value 'kasir_1' are selected in object 'Object Repository/Login_Sarirasa WebPOS/2.User-Managerial/select_Tipe User Kasir 1Kasir 2Kasir 3Kasir_c131aa'  using regular expression

31-07-2024T14:11:20 - [MESSAGE][PASSED] - All options with value 'kasir_1' are selected in object 'Object Repository/Login_Sarirasa WebPOS/2.User-Managerial/select_Tipe User Kasir 1Kasir 2Kasir 3Kasir_c131aa'  using regular expression

31-07-2024T14:11:20 - [TEST_STEP][PASSED] - selectOptionByValue(findTestObject("Login_Sarirasa WebPOS/2.User-Managerial/select_Tipe User Kasir 1Kasir 2Kasir 3Kasir_c131aa"), "kasir_2", true): All options with value 'kasir_2' are selected in object 'Object Repository/Login_Sarirasa WebPOS/2.User-Managerial/select_Tipe User Kasir 1Kasir 2Kasir 3Kasir_c131aa'  using regular expression

31-07-2024T14:11:21 - [MESSAGE][PASSED] - All options with value 'kasir_2' are selected in object 'Object Repository/Login_Sarirasa WebPOS/2.User-Managerial/select_Tipe User Kasir 1Kasir 2Kasir 3Kasir_c131aa'  using regular expression

31-07-2024T14:11:21 - [TEST_STEP][PASSED] - selectOptionByValue(findTestObject("Login_Sarirasa WebPOS/2.User-Managerial/select_Tipe User Kasir 1Kasir 2Kasir 3Kasir_c131aa"), "kasir_3", true): All options with value 'kasir_3' are selected in object 'Object Repository/Login_Sarirasa WebPOS/2.User-Managerial/select_Tipe User Kasir 1Kasir 2Kasir 3Kasir_c131aa'  using regular expression

31-07-2024T14:11:22 - [MESSAGE][PASSED] - All options with value 'kasir_3' are selected in object 'Object Repository/Login_Sarirasa WebPOS/2.User-Managerial/select_Tipe User Kasir 1Kasir 2Kasir 3Kasir_c131aa'  using regular expression

31-07-2024T14:11:22 - [TEST_STEP][PASSED] - selectOptionByValue(findTestObject("Login_Sarirasa WebPOS/2.User-Managerial/select_Tipe User Kasir 1Kasir 2Kasir 3Kasir_c131aa"), "kasir_4", true): All options with value 'kasir_4' are selected in object 'Object Repository/Login_Sarirasa WebPOS/2.User-Managerial/select_Tipe User Kasir 1Kasir 2Kasir 3Kasir_c131aa'  using regular expression

31-07-2024T14:11:23 - [MESSAGE][PASSED] - All options with value 'kasir_4' are selected in object 'Object Repository/Login_Sarirasa WebPOS/2.User-Managerial/select_Tipe User Kasir 1Kasir 2Kasir 3Kasir_c131aa'  using regular expression

31-07-2024T14:11:23 - [TEST_STEP][PASSED] - selectOptionByValue(findTestObject("Login_Sarirasa WebPOS/2.User-Managerial/select_Tipe User Kasir 1Kasir 2Kasir 3Kasir_c131aa"), "spv", true): All options with value 'spv' are selected in object 'Object Repository/Login_Sarirasa WebPOS/2.User-Managerial/select_Tipe User Kasir 1Kasir 2Kasir 3Kasir_c131aa'  using regular expression

31-07-2024T14:11:24 - [MESSAGE][PASSED] - All options with value 'spv' are selected in object 'Object Repository/Login_Sarirasa WebPOS/2.User-Managerial/select_Tipe User Kasir 1Kasir 2Kasir 3Kasir_c131aa'  using regular expression

31-07-2024T14:11:24 - [TEST_STEP][PASSED] - selectOptionByValue(findTestObject("Login_Sarirasa WebPOS/3.Printer-Link Webposqc/select_Pilih Default PrinterPrinter HO (Gud_2b3e02"), "59", true): All options with value '59' are selected in object 'Object Repository/Login_Sarirasa WebPOS/3.Printer-Link Webposqc/select_Pilih Default PrinterPrinter HO (Gud_2b3e02'  using regular expression

31-07-2024T14:11:25 - [MESSAGE][PASSED] - All options with value '59' are selected in object 'Object Repository/Login_Sarirasa WebPOS/3.Printer-Link Webposqc/select_Pilih Default PrinterPrinter HO (Gud_2b3e02'  using regular expression

31-07-2024T14:11:25 - [TEST_STEP][PASSED] - selectOptionByValue(findTestObject("Login_Sarirasa WebPOS/3.Printer-Link Webposqc/select_Pilih Default PrinterPrinter HO (Gud_2b3e02"), "94", true): All options with value '94' are selected in object 'Object Repository/Login_Sarirasa WebPOS/3.Printer-Link Webposqc/select_Pilih Default PrinterPrinter HO (Gud_2b3e02'  using regular expression

31-07-2024T14:11:26 - [MESSAGE][PASSED] - All options with value '94' are selected in object 'Object Repository/Login_Sarirasa WebPOS/3.Printer-Link Webposqc/select_Pilih Default PrinterPrinter HO (Gud_2b3e02'  using regular expression

31-07-2024T14:11:26 - [TEST_STEP][PASSED] - selectOptionByValue(findTestObject("Login_Sarirasa WebPOS/3.Printer-Link Webposqc/select_Pilih Default PrinterPrinter HO (Gud_2b3e02"), "59", true): All options with value '59' are selected in object 'Object Repository/Login_Sarirasa WebPOS/3.Printer-Link Webposqc/select_Pilih Default PrinterPrinter HO (Gud_2b3e02'  using regular expression

31-07-2024T14:11:27 - [MESSAGE][PASSED] - All options with value '59' are selected in object 'Object Repository/Login_Sarirasa WebPOS/3.Printer-Link Webposqc/select_Pilih Default PrinterPrinter HO (Gud_2b3e02'  using regular expression

31-07-2024T14:11:27 - [TEST_STEP][PASSED] - click(findTestObject("Object Repository/Login_Sarirasa WebPOS/button_Simpan")): Object: 'Object Repository/Login_Sarirasa WebPOS/button_Simpan' is clicked on

31-07-2024T14:11:27 - [MESSAGE][PASSED] - Object: 'Object Repository/Login_Sarirasa WebPOS/button_Simpan' is clicked on

31-07-2024T14:11:27 - [TEST_STEP][PASSED] - click(findTestObject("Login_Sarirasa WebPOS/button_Batal")): Object: 'Object Repository/Login_Sarirasa WebPOS/button_Batal' is clicked on

31-07-2024T14:11:28 - [MESSAGE][PASSED] - Object: 'Object Repository/Login_Sarirasa WebPOS/button_Batal' is clicked on

31-07-2024T14:11:28 - [TEST_STEP][PASSED] - click(findTestObject("Login_Sarirasa WebPOS/button_Simpan")): Object: 'Object Repository/Login_Sarirasa WebPOS/button_Simpan' is clicked on

31-07-2024T14:11:29 - [MESSAGE][PASSED] - Object: 'Object Repository/Login_Sarirasa WebPOS/button_Simpan' is clicked on

31-07-2024T14:11:29 - [TEST_STEP][PASSED] - click(findTestObject("Object Repository/Login_Sarirasa WebPOS/button_OK")): Object: 'Object Repository/Login_Sarirasa WebPOS/button_OK' is clicked on

31-07-2024T14:11:30 - [MESSAGE][PASSED] - Object: 'Object Repository/Login_Sarirasa WebPOS/button_OK' is clicked on

31-07-2024T14:11:30 - [TEST_STEP][PASSED] - scrollToElement(findTestObject("Menu Opening-Closing/div_OPENING  CLOSING  ORDER  SOON"), 3): Scroll to object 'Object Repository/Menu Opening-Closing/div_OPENING  CLOSING  ORDER  SOON' successfully

31-07-2024T14:11:32 - [MESSAGE][PASSED] - Scroll to object 'Object Repository/Menu Opening-Closing/div_OPENING  CLOSING  ORDER  SOON' successfully

31-07-2024T14:11:32 - [TEST_STEP][PASSED] - delay(2): Delayed 2 second(s)

31-07-2024T14:11:34 - [MESSAGE][PASSED] - Delayed 2 second(s)]]></system-out>
         <system-err><![CDATA[]]></system-err>
      </testcase>
      <testcase name="Test Cases/02. Login managerial - managerial" time="14.624" classname="Test Cases/02. Login managerial - managerial" status="PASSED">
         <system-out><![CDATA[31-07-2024T14:11:34 - [TEST_CASE][PASSED] - Test Cases/02. Login managerial - managerial: Test Cases/02. Login managerial - managerial

31-07-2024T14:11:35 - [TEST_STEP][PASSED] - openBrowser(""): Browser is opened with url: ''

31-07-2024T14:11:35 - [MESSAGE][WARNING] - A browser is already opened. Closing browser and opening a new one

31-07-2024T14:11:35 - [MESSAGE][INFO] - Starting 'Chrome' driver

31-07-2024T14:11:35 - [MESSAGE][INFO] - Action delay is set to 0 milliseconds

31-07-2024T14:11:36 - [MESSAGE][PASSED] - Browser is opened with url: ''

31-07-2024T14:11:36 - [TEST_STEP][PASSED] - navigateToUrl("https://webposqc.missarirasa.com/login"): Navigate to 'https://webposqc.missarirasa.com/login' successfully

31-07-2024T14:11:40 - [MESSAGE][PASSED] - Navigate to 'https://webposqc.missarirasa.com/login' successfully

31-07-2024T14:11:40 - [TEST_STEP][PASSED] - maximizeWindow(): Current window maximized

31-07-2024T14:11:40 - [MESSAGE][PASSED] - Current window maximized

31-07-2024T14:11:40 - [TEST_STEP][PASSED] - click(findTestObject("Object Repository/Login_Sarirasa WebPOS/input_ID Sarirasa_inputNIK")): Object: 'Object Repository/Login_Sarirasa WebPOS/input_ID Sarirasa_inputNIK' is clicked on

31-07-2024T14:11:40 - [MESSAGE][PASSED] - Object: 'Object Repository/Login_Sarirasa WebPOS/input_ID Sarirasa_inputNIK' is clicked on

31-07-2024T14:11:40 - [TEST_STEP][PASSED] - setText(findTestObject("Object Repository/Login_Sarirasa WebPOS/input_ID Sarirasa_inputNIK"), "54760"): Text '54760' is set on object 'Object Repository/Login_Sarirasa WebPOS/input_ID Sarirasa_inputNIK'

31-07-2024T14:11:41 - [MESSAGE][PASSED] - Text '54760' is set on object 'Object Repository/Login_Sarirasa WebPOS/input_ID Sarirasa_inputNIK'

31-07-2024T14:11:41 - [TEST_STEP][PASSED] - setEncryptedText(findTestObject("Object Repository/Login_Sarirasa WebPOS/input_Password_inputPassword"), "Cg+cUiY7xQqTg1iegvaWgg=="): Text ****** has been set on object 'Object Repository/Login_Sarirasa WebPOS/input_Password_inputPassword'

31-07-2024T14:11:42 - [MESSAGE][PASSED] - Text ****** has been set on object 'Object Repository/Login_Sarirasa WebPOS/input_Password_inputPassword'

31-07-2024T14:11:42 - [TEST_STEP][PASSED] - click(findTestObject("Object Repository/Login_Sarirasa WebPOS/button_Login")): Object: 'Object Repository/Login_Sarirasa WebPOS/button_Login' is clicked on

31-07-2024T14:11:42 - [MESSAGE][PASSED] - Object: 'Object Repository/Login_Sarirasa WebPOS/button_Login' is clicked on

31-07-2024T14:11:42 - [TEST_STEP][PASSED] - selectOptionByValue(findTestObject("Object Repository/Login_Sarirasa WebPOS/select_Tipe User Kasir 1Kasir 2Kasir 3Kasir_c131aa"), "spv", true): All options with value 'spv' are selected in object 'Object Repository/Login_Sarirasa WebPOS/select_Tipe User Kasir 1Kasir 2Kasir 3Kasir_c131aa'  using regular expression

31-07-2024T14:11:44 - [MESSAGE][PASSED] - All options with value 'spv' are selected in object 'Object Repository/Login_Sarirasa WebPOS/select_Tipe User Kasir 1Kasir 2Kasir 3Kasir_c131aa'  using regular expression

31-07-2024T14:11:44 - [TEST_STEP][PASSED] - selectOptionByValue(findTestObject("Object Repository/Login_Sarirasa WebPOS/select_Pilih Default PrinterPrinter HO (Gud_45e032"), "59", true): All options with value '59' are selected in object 'Object Repository/Login_Sarirasa WebPOS/select_Pilih Default PrinterPrinter HO (Gud_45e032'  using regular expression

31-07-2024T14:11:45 - [MESSAGE][PASSED] - All options with value '59' are selected in object 'Object Repository/Login_Sarirasa WebPOS/select_Pilih Default PrinterPrinter HO (Gud_45e032'  using regular expression

31-07-2024T14:11:45 - [TEST_STEP][PASSED] - click(findTestObject("Object Repository/Login_Sarirasa WebPOS/button_Simpan")): Object: 'Object Repository/Login_Sarirasa WebPOS/button_Simpan' is clicked on

31-07-2024T14:11:45 - [MESSAGE][PASSED] - Object: 'Object Repository/Login_Sarirasa WebPOS/button_Simpan' is clicked on

31-07-2024T14:11:45 - [TEST_STEP][PASSED] - click(findTestObject("Object Repository/Login_Sarirasa WebPOS/button_OK")): Object: 'Object Repository/Login_Sarirasa WebPOS/button_OK' is clicked on

31-07-2024T14:11:46 - [MESSAGE][PASSED] - Object: 'Object Repository/Login_Sarirasa WebPOS/button_OK' is clicked on

31-07-2024T14:11:46 - [TEST_STEP][PASSED] - scrollToElement(findTestObject("Menu Opening-Closing/div_OPENING  CLOSING  ORDER  SOON"), 3): Scroll to object 'Object Repository/Menu Opening-Closing/div_OPENING  CLOSING  ORDER  SOON' successfully

31-07-2024T14:11:49 - [MESSAGE][PASSED] - Scroll to object 'Object Repository/Menu Opening-Closing/div_OPENING  CLOSING  ORDER  SOON' successfully

31-07-2024T14:11:49 - [TEST_STEP][PASSED] - click(findTestObject("Login_Sarirasa WebPOS/span_LOGOUT")): Object: 'Object Repository/Login_Sarirasa WebPOS/span_LOGOUT' is clicked on

31-07-2024T14:11:49 - [MESSAGE][PASSED] - Object: 'Object Repository/Login_Sarirasa WebPOS/span_LOGOUT' is clicked on]]></system-out>
         <system-err><![CDATA[]]></system-err>
      </testcase>
      <testcase name="Test Cases/03. Login managerial - kasir" time="16.195" classname="Test Cases/03. Login managerial - kasir" status="PASSED">
         <system-out><![CDATA[31-07-2024T14:11:49 - [TEST_CASE][PASSED] - Test Cases/03. Login managerial - kasir: Test Cases/03. Login managerial - kasir

31-07-2024T14:11:49 - [TEST_STEP][PASSED] - openBrowser(""): Browser is opened with url: ''

31-07-2024T14:11:49 - [MESSAGE][WARNING] - A browser is already opened. Closing browser and opening a new one

31-07-2024T14:11:50 - [MESSAGE][INFO] - Starting 'Chrome' driver

31-07-2024T14:11:50 - [MESSAGE][INFO] - Action delay is set to 0 milliseconds

31-07-2024T14:11:51 - [MESSAGE][PASSED] - Browser is opened with url: ''

31-07-2024T14:11:51 - [TEST_STEP][PASSED] - navigateToUrl("https://webposqc.missarirasa.com/login"): Navigate to 'https://webposqc.missarirasa.com/login' successfully

31-07-2024T14:11:54 - [MESSAGE][PASSED] - Navigate to 'https://webposqc.missarirasa.com/login' successfully

31-07-2024T14:11:54 - [TEST_STEP][PASSED] - maximizeWindow(): Current window maximized

31-07-2024T14:11:54 - [MESSAGE][PASSED] - Current window maximized

31-07-2024T14:11:54 - [TEST_STEP][PASSED] - click(findTestObject("Object Repository/Login_Sarirasa WebPOS/input_ID Sarirasa_inputNIK")): Object: 'Object Repository/Login_Sarirasa WebPOS/input_ID Sarirasa_inputNIK' is clicked on

31-07-2024T14:11:55 - [MESSAGE][PASSED] - Object: 'Object Repository/Login_Sarirasa WebPOS/input_ID Sarirasa_inputNIK' is clicked on

31-07-2024T14:11:55 - [TEST_STEP][PASSED] - setText(findTestObject("Object Repository/Login_Sarirasa WebPOS/input_ID Sarirasa_inputNIK"), "54760"): Text '54760' is set on object 'Object Repository/Login_Sarirasa WebPOS/input_ID Sarirasa_inputNIK'

31-07-2024T14:11:56 - [MESSAGE][PASSED] - Text '54760' is set on object 'Object Repository/Login_Sarirasa WebPOS/input_ID Sarirasa_inputNIK'

31-07-2024T14:11:56 - [TEST_STEP][PASSED] - setEncryptedText(findTestObject("Object Repository/Login_Sarirasa WebPOS/input_Password_inputPassword"), "Cg+cUiY7xQqTg1iegvaWgg=="): Text ****** has been set on object 'Object Repository/Login_Sarirasa WebPOS/input_Password_inputPassword'

31-07-2024T14:11:56 - [MESSAGE][PASSED] - Text ****** has been set on object 'Object Repository/Login_Sarirasa WebPOS/input_Password_inputPassword'

31-07-2024T14:11:56 - [TEST_STEP][PASSED] - click(findTestObject("Object Repository/Login_Sarirasa WebPOS/button_Login")): Object: 'Object Repository/Login_Sarirasa WebPOS/button_Login' is clicked on

31-07-2024T14:11:56 - [MESSAGE][PASSED] - Object: 'Object Repository/Login_Sarirasa WebPOS/button_Login' is clicked on

31-07-2024T14:11:56 - [TEST_STEP][PASSED] - selectOptionByValue(findTestObject("Object Repository/Login_Sarirasa WebPOS/select_Tipe User Kasir 1Kasir 2Kasir 3Kasir_c131aa"), "kasir_4", true): All options with value 'kasir_4' are selected in object 'Object Repository/Login_Sarirasa WebPOS/select_Tipe User Kasir 1Kasir 2Kasir 3Kasir_c131aa'  using regular expression

31-07-2024T14:11:58 - [MESSAGE][PASSED] - All options with value 'kasir_4' are selected in object 'Object Repository/Login_Sarirasa WebPOS/select_Tipe User Kasir 1Kasir 2Kasir 3Kasir_c131aa'  using regular expression

31-07-2024T14:11:58 - [TEST_STEP][PASSED] - selectOptionByValue(findTestObject("Login_Sarirasa WebPOS/3.Printer-Link Webposqc/select_Pilih Default PrinterPrinter HO (Gud_2b3e02"), "59", true): All options with value '59' are selected in object 'Object Repository/Login_Sarirasa WebPOS/3.Printer-Link Webposqc/select_Pilih Default PrinterPrinter HO (Gud_2b3e02'  using regular expression

31-07-2024T14:11:59 - [MESSAGE][PASSED] - All options with value '59' are selected in object 'Object Repository/Login_Sarirasa WebPOS/3.Printer-Link Webposqc/select_Pilih Default PrinterPrinter HO (Gud_2b3e02'  using regular expression

31-07-2024T14:11:59 - [TEST_STEP][PASSED] - click(findTestObject("Login_Sarirasa WebPOS/button_Simpan")): Object: 'Object Repository/Login_Sarirasa WebPOS/button_Simpan' is clicked on

31-07-2024T14:11:59 - [MESSAGE][PASSED] - Object: 'Object Repository/Login_Sarirasa WebPOS/button_Simpan' is clicked on

31-07-2024T14:11:59 - [TEST_STEP][PASSED] - click(findTestObject("Login_Sarirasa WebPOS/button_OK")): Object: 'Object Repository/Login_Sarirasa WebPOS/button_OK' is clicked on

31-07-2024T14:12:00 - [MESSAGE][PASSED] - Object: 'Object Repository/Login_Sarirasa WebPOS/button_OK' is clicked on

31-07-2024T14:12:00 - [TEST_STEP][PASSED] - scrollToElement(findTestObject("Menu Opening-Closing/div_OPENING  CLOSING  ORDER  SOON"), 3): Scroll to object 'Object Repository/Menu Opening-Closing/div_OPENING  CLOSING  ORDER  SOON' successfully

31-07-2024T14:12:02 - [MESSAGE][PASSED] - Scroll to object 'Object Repository/Menu Opening-Closing/div_OPENING  CLOSING  ORDER  SOON' successfully

31-07-2024T14:12:02 - [TEST_STEP][PASSED] - delay(3): Delayed 3 second(s)

31-07-2024T14:12:05 - [MESSAGE][PASSED] - Delayed 3 second(s)]]></system-out>
         <system-err><![CDATA[]]></system-err>
      </testcase>
      <testcase name="Test Cases/04. Login - logout - kasir A - kasir 1" time="25.069" classname="Test Cases/04. Login - logout - kasir A - kasir 1" status="PASSED">
         <system-out><![CDATA[31-07-2024T14:12:05 - [TEST_CASE][PASSED] - Test Cases/04. Login - logout - kasir A - kasir 1: Test Cases/04. Login - logout - kasir A - kasir 1

31-07-2024T14:12:05 - [TEST_STEP][PASSED] - openBrowser(""): Browser is opened with url: ''

31-07-2024T14:12:05 - [MESSAGE][WARNING] - A browser is already opened. Closing browser and opening a new one

31-07-2024T14:12:06 - [MESSAGE][INFO] - Starting 'Chrome' driver

31-07-2024T14:12:06 - [MESSAGE][INFO] - Action delay is set to 0 milliseconds

31-07-2024T14:12:07 - [MESSAGE][PASSED] - Browser is opened with url: ''

31-07-2024T14:12:07 - [TEST_STEP][PASSED] - navigateToUrl("https://webposqc.missarirasa.com/login"): Navigate to 'https://webposqc.missarirasa.com/login' successfully

31-07-2024T14:12:10 - [MESSAGE][PASSED] - Navigate to 'https://webposqc.missarirasa.com/login' successfully

31-07-2024T14:12:10 - [TEST_STEP][PASSED] - maximizeWindow(): Current window maximized

31-07-2024T14:12:11 - [MESSAGE][PASSED] - Current window maximized

31-07-2024T14:12:11 - [TEST_STEP][PASSED] - click(findTestObject("Object Repository/Login_Sarirasa WebPOS/input_ID Sarirasa_inputNIK")): Object: 'Object Repository/Login_Sarirasa WebPOS/input_ID Sarirasa_inputNIK' is clicked on

31-07-2024T14:12:11 - [MESSAGE][PASSED] - Object: 'Object Repository/Login_Sarirasa WebPOS/input_ID Sarirasa_inputNIK' is clicked on

31-07-2024T14:12:11 - [TEST_STEP][PASSED] - setText(findTestObject("Object Repository/Login_Sarirasa WebPOS/input_ID Sarirasa_inputNIK"), "61653"): Text '61653' is set on object 'Object Repository/Login_Sarirasa WebPOS/input_ID Sarirasa_inputNIK'

31-07-2024T14:12:12 - [MESSAGE][PASSED] - Text '61653' is set on object 'Object Repository/Login_Sarirasa WebPOS/input_ID Sarirasa_inputNIK'

31-07-2024T14:12:12 - [TEST_STEP][PASSED] - setEncryptedText(findTestObject("Object Repository/Login_Sarirasa WebPOS/input_Password_inputPassword"), "Cg+cUiY7xQqTg1iegvaWgg=="): Text ****** has been set on object 'Object Repository/Login_Sarirasa WebPOS/input_Password_inputPassword'

31-07-2024T14:12:12 - [MESSAGE][PASSED] - Text ****** has been set on object 'Object Repository/Login_Sarirasa WebPOS/input_Password_inputPassword'

31-07-2024T14:12:12 - [TEST_STEP][PASSED] - click(findTestObject("Object Repository/Login_Sarirasa WebPOS/button_Login")): Object: 'Object Repository/Login_Sarirasa WebPOS/button_Login' is clicked on

31-07-2024T14:12:13 - [MESSAGE][PASSED] - Object: 'Object Repository/Login_Sarirasa WebPOS/button_Login' is clicked on

31-07-2024T14:12:13 - [TEST_STEP][PASSED] - selectOptionByValue(findTestObject("Object Repository/Login_Sarirasa WebPOS/select_Tipe User Kasir 1Kasir 2Kasir 3Kasir_c131aa"), "kasir_1", true): All options with value 'kasir_1' are selected in object 'Object Repository/Login_Sarirasa WebPOS/select_Tipe User Kasir 1Kasir 2Kasir 3Kasir_c131aa'  using regular expression

31-07-2024T14:12:14 - [MESSAGE][PASSED] - All options with value 'kasir_1' are selected in object 'Object Repository/Login_Sarirasa WebPOS/select_Tipe User Kasir 1Kasir 2Kasir 3Kasir_c131aa'  using regular expression

31-07-2024T14:12:14 - [TEST_STEP][PASSED] - selectOptionByValue(findTestObject("Object Repository/Login_Sarirasa WebPOS/select_Tipe User Kasir 1Kasir 2Kasir 3Kasir_c131aa"), "kasir_2", true): All options with value 'kasir_2' are selected in object 'Object Repository/Login_Sarirasa WebPOS/select_Tipe User Kasir 1Kasir 2Kasir 3Kasir_c131aa'  using regular expression

31-07-2024T14:12:15 - [MESSAGE][PASSED] - All options with value 'kasir_2' are selected in object 'Object Repository/Login_Sarirasa WebPOS/select_Tipe User Kasir 1Kasir 2Kasir 3Kasir_c131aa'  using regular expression

31-07-2024T14:12:15 - [TEST_STEP][PASSED] - selectOptionByValue(findTestObject("Object Repository/Login_Sarirasa WebPOS/select_Tipe User Kasir 1Kasir 2Kasir 3Kasir_c131aa"), "kasir_3", true): All options with value 'kasir_3' are selected in object 'Object Repository/Login_Sarirasa WebPOS/select_Tipe User Kasir 1Kasir 2Kasir 3Kasir_c131aa'  using regular expression

31-07-2024T14:12:16 - [MESSAGE][PASSED] - All options with value 'kasir_3' are selected in object 'Object Repository/Login_Sarirasa WebPOS/select_Tipe User Kasir 1Kasir 2Kasir 3Kasir_c131aa'  using regular expression

31-07-2024T14:12:16 - [TEST_STEP][PASSED] - selectOptionByValue(findTestObject("Object Repository/Login_Sarirasa WebPOS/select_Tipe User Kasir 1Kasir 2Kasir 3Kasir_c131aa"), "kasir_4", true): All options with value 'kasir_4' are selected in object 'Object Repository/Login_Sarirasa WebPOS/select_Tipe User Kasir 1Kasir 2Kasir 3Kasir_c131aa'  using regular expression

31-07-2024T14:12:17 - [MESSAGE][PASSED] - All options with value 'kasir_4' are selected in object 'Object Repository/Login_Sarirasa WebPOS/select_Tipe User Kasir 1Kasir 2Kasir 3Kasir_c131aa'  using regular expression

31-07-2024T14:12:17 - [TEST_STEP][PASSED] - selectOptionByValue(findTestObject("Object Repository/Login_Sarirasa WebPOS/select_Tipe User Kasir 1Kasir 2Kasir 3Kasir_c131aa"), "kasir_1", true): All options with value 'kasir_1' are selected in object 'Object Repository/Login_Sarirasa WebPOS/select_Tipe User Kasir 1Kasir 2Kasir 3Kasir_c131aa'  using regular expression

31-07-2024T14:12:18 - [MESSAGE][PASSED] - All options with value 'kasir_1' are selected in object 'Object Repository/Login_Sarirasa WebPOS/select_Tipe User Kasir 1Kasir 2Kasir 3Kasir_c131aa'  using regular expression

31-07-2024T14:12:18 - [TEST_STEP][PASSED] - selectOptionByValue(findTestObject("Login_Sarirasa WebPOS/3.Printer-Link Webposqc/select_Pilih Default PrinterPrinter HO (Gud_2b3e02"), "59", true): All options with value '59' are selected in object 'Object Repository/Login_Sarirasa WebPOS/3.Printer-Link Webposqc/select_Pilih Default PrinterPrinter HO (Gud_2b3e02'  using regular expression

31-07-2024T14:12:19 - [MESSAGE][PASSED] - All options with value '59' are selected in object 'Object Repository/Login_Sarirasa WebPOS/3.Printer-Link Webposqc/select_Pilih Default PrinterPrinter HO (Gud_2b3e02'  using regular expression

31-07-2024T14:12:19 - [TEST_STEP][PASSED] - selectOptionByValue(findTestObject("Login_Sarirasa WebPOS/3.Printer-Link Webposqc/select_Pilih Default PrinterPrinter HO (Gud_2b3e02"), "94", true): All options with value '94' are selected in object 'Object Repository/Login_Sarirasa WebPOS/3.Printer-Link Webposqc/select_Pilih Default PrinterPrinter HO (Gud_2b3e02'  using regular expression

31-07-2024T14:12:20 - [MESSAGE][PASSED] - All options with value '94' are selected in object 'Object Repository/Login_Sarirasa WebPOS/3.Printer-Link Webposqc/select_Pilih Default PrinterPrinter HO (Gud_2b3e02'  using regular expression

31-07-2024T14:12:20 - [TEST_STEP][PASSED] - selectOptionByValue(findTestObject("Login_Sarirasa WebPOS/3.Printer-Link Webposqc/select_Pilih Default PrinterPrinter HO (Gud_2b3e02"), "59", true): All options with value '59' are selected in object 'Object Repository/Login_Sarirasa WebPOS/3.Printer-Link Webposqc/select_Pilih Default PrinterPrinter HO (Gud_2b3e02'  using regular expression

31-07-2024T14:12:21 - [MESSAGE][PASSED] - All options with value '59' are selected in object 'Object Repository/Login_Sarirasa WebPOS/3.Printer-Link Webposqc/select_Pilih Default PrinterPrinter HO (Gud_2b3e02'  using regular expression

31-07-2024T14:12:21 - [TEST_STEP][PASSED] - click(findTestObject("Login_Sarirasa WebPOS/button_Simpan")): Object: 'Object Repository/Login_Sarirasa WebPOS/button_Simpan' is clicked on

31-07-2024T14:12:21 - [MESSAGE][PASSED] - Object: 'Object Repository/Login_Sarirasa WebPOS/button_Simpan' is clicked on

31-07-2024T14:12:21 - [TEST_STEP][PASSED] - click(findTestObject("Login_Sarirasa WebPOS/button_Batal")): Object: 'Object Repository/Login_Sarirasa WebPOS/button_Batal' is clicked on

31-07-2024T14:12:22 - [MESSAGE][PASSED] - Object: 'Object Repository/Login_Sarirasa WebPOS/button_Batal' is clicked on

31-07-2024T14:12:22 - [TEST_STEP][PASSED] - click(findTestObject("Login_Sarirasa WebPOS/button_Simpan")): Object: 'Object Repository/Login_Sarirasa WebPOS/button_Simpan' is clicked on

31-07-2024T14:12:23 - [MESSAGE][PASSED] - Object: 'Object Repository/Login_Sarirasa WebPOS/button_Simpan' is clicked on

31-07-2024T14:12:23 - [TEST_STEP][PASSED] - click(findTestObject("Login_Sarirasa WebPOS/button_OK")): Object: 'Object Repository/Login_Sarirasa WebPOS/button_OK' is clicked on

31-07-2024T14:12:24 - [MESSAGE][PASSED] - Object: 'Object Repository/Login_Sarirasa WebPOS/button_OK' is clicked on

31-07-2024T14:12:24 - [TEST_STEP][PASSED] - delay(3): Delayed 3 second(s)

31-07-2024T14:12:27 - [MESSAGE][PASSED] - Delayed 3 second(s)

31-07-2024T14:12:27 - [TEST_STEP][PASSED] - click(findTestObject("Login_Sarirasa WebPOS/span_LOGOUT")): Object: 'Object Repository/Login_Sarirasa WebPOS/span_LOGOUT' is clicked on

31-07-2024T14:12:27 - [MESSAGE][PASSED] - Object: 'Object Repository/Login_Sarirasa WebPOS/span_LOGOUT' is clicked on

31-07-2024T14:12:27 - [TEST_STEP][PASSED] - delay(3): Delayed 3 second(s)

31-07-2024T14:12:30 - [MESSAGE][PASSED] - Delayed 3 second(s)]]></system-out>
         <system-err><![CDATA[]]></system-err>
      </testcase>
      <testcase name="Test Cases/05. Login kasir A - kasir 1" time="15.836" classname="Test Cases/05. Login kasir A - kasir 1" status="PASSED">
         <system-out><![CDATA[31-07-2024T14:12:30 - [TEST_CASE][PASSED] - Test Cases/05. Login kasir A - kasir 1: Test Cases/05. Login kasir A - kasir 1

31-07-2024T14:12:31 - [TEST_STEP][PASSED] - openBrowser(""): Browser is opened with url: ''

31-07-2024T14:12:31 - [MESSAGE][WARNING] - A browser is already opened. Closing browser and opening a new one

31-07-2024T14:12:31 - [MESSAGE][INFO] - Starting 'Chrome' driver

31-07-2024T14:12:31 - [MESSAGE][INFO] - Action delay is set to 0 milliseconds

31-07-2024T14:12:32 - [MESSAGE][PASSED] - Browser is opened with url: ''

31-07-2024T14:12:32 - [TEST_STEP][PASSED] - navigateToUrl("https://webposqc.missarirasa.com/login"): Navigate to 'https://webposqc.missarirasa.com/login' successfully

31-07-2024T14:12:36 - [MESSAGE][PASSED] - Navigate to 'https://webposqc.missarirasa.com/login' successfully

31-07-2024T14:12:36 - [TEST_STEP][PASSED] - maximizeWindow(): Current window maximized

31-07-2024T14:12:36 - [MESSAGE][PASSED] - Current window maximized

31-07-2024T14:12:36 - [TEST_STEP][PASSED] - click(findTestObject("Object Repository/Login_Sarirasa WebPOS/input_ID Sarirasa_inputNIK")): Object: 'Object Repository/Login_Sarirasa WebPOS/input_ID Sarirasa_inputNIK' is clicked on

31-07-2024T14:12:36 - [MESSAGE][PASSED] - Object: 'Object Repository/Login_Sarirasa WebPOS/input_ID Sarirasa_inputNIK' is clicked on

31-07-2024T14:12:36 - [TEST_STEP][PASSED] - setText(findTestObject("Object Repository/Login_Sarirasa WebPOS/input_ID Sarirasa_inputNIK"), "61653"): Text '61653' is set on object 'Object Repository/Login_Sarirasa WebPOS/input_ID Sarirasa_inputNIK'

31-07-2024T14:12:37 - [MESSAGE][PASSED] - Text '61653' is set on object 'Object Repository/Login_Sarirasa WebPOS/input_ID Sarirasa_inputNIK'

31-07-2024T14:12:37 - [TEST_STEP][PASSED] - setEncryptedText(findTestObject("Object Repository/Login_Sarirasa WebPOS/input_Password_inputPassword"), "Cg+cUiY7xQqTg1iegvaWgg=="): Text ****** has been set on object 'Object Repository/Login_Sarirasa WebPOS/input_Password_inputPassword'

31-07-2024T14:12:38 - [MESSAGE][PASSED] - Text ****** has been set on object 'Object Repository/Login_Sarirasa WebPOS/input_Password_inputPassword'

31-07-2024T14:12:38 - [TEST_STEP][PASSED] - click(findTestObject("Object Repository/Login_Sarirasa WebPOS/button_Login")): Object: 'Object Repository/Login_Sarirasa WebPOS/button_Login' is clicked on

31-07-2024T14:12:38 - [MESSAGE][PASSED] - Object: 'Object Repository/Login_Sarirasa WebPOS/button_Login' is clicked on

31-07-2024T14:12:38 - [TEST_STEP][PASSED] - selectOptionByValue(findTestObject("Object Repository/Login_Sarirasa WebPOS/select_Tipe User Kasir 1Kasir 2Kasir 3Kasir_c131aa"), "kasir_1", true): All options with value 'kasir_1' are selected in object 'Object Repository/Login_Sarirasa WebPOS/select_Tipe User Kasir 1Kasir 2Kasir 3Kasir_c131aa'  using regular expression

31-07-2024T14:12:39 - [MESSAGE][PASSED] - All options with value 'kasir_1' are selected in object 'Object Repository/Login_Sarirasa WebPOS/select_Tipe User Kasir 1Kasir 2Kasir 3Kasir_c131aa'  using regular expression

31-07-2024T14:12:39 - [TEST_STEP][PASSED] - selectOptionByValue(findTestObject("Object Repository/Login_Sarirasa WebPOS/select_Pilih Default PrinterPrinter HO (Gud_45e032"), "59", true): All options with value '59' are selected in object 'Object Repository/Login_Sarirasa WebPOS/select_Pilih Default PrinterPrinter HO (Gud_45e032'  using regular expression

31-07-2024T14:12:40 - [MESSAGE][PASSED] - All options with value '59' are selected in object 'Object Repository/Login_Sarirasa WebPOS/select_Pilih Default PrinterPrinter HO (Gud_45e032'  using regular expression

31-07-2024T14:12:40 - [TEST_STEP][PASSED] - click(findTestObject("Object Repository/Login_Sarirasa WebPOS/button_Simpan")): Object: 'Object Repository/Login_Sarirasa WebPOS/button_Simpan' is clicked on

31-07-2024T14:12:41 - [MESSAGE][PASSED] - Object: 'Object Repository/Login_Sarirasa WebPOS/button_Simpan' is clicked on

31-07-2024T14:12:41 - [TEST_STEP][PASSED] - click(findTestObject("Object Repository/Login_Sarirasa WebPOS/button_OK")): Object: 'Object Repository/Login_Sarirasa WebPOS/button_OK' is clicked on

31-07-2024T14:12:41 - [MESSAGE][PASSED] - Object: 'Object Repository/Login_Sarirasa WebPOS/button_OK' is clicked on

31-07-2024T14:12:41 - [TEST_STEP][PASSED] - delay(5): Delayed 5 second(s)

31-07-2024T14:12:46 - [MESSAGE][PASSED] - Delayed 5 second(s)]]></system-out>
         <system-err><![CDATA[]]></system-err>
      </testcase>
      <testcase name="Test Cases/06. Login - logout - kasir B - kasir 3" time="26.331" classname="Test Cases/06. Login - logout - kasir B - kasir 3" status="PASSED">
         <system-out><![CDATA[31-07-2024T14:12:46 - [TEST_CASE][PASSED] - Test Cases/06. Login - logout - kasir B - kasir 3: Test Cases/06. Login - logout - kasir B - kasir 3

31-07-2024T14:12:46 - [TEST_STEP][PASSED] - openBrowser(""): Browser is opened with url: ''

31-07-2024T14:12:46 - [MESSAGE][WARNING] - A browser is already opened. Closing browser and opening a new one

31-07-2024T14:12:47 - [MESSAGE][INFO] - Starting 'Chrome' driver

31-07-2024T14:12:47 - [MESSAGE][INFO] - Action delay is set to 0 milliseconds

31-07-2024T14:12:48 - [MESSAGE][PASSED] - Browser is opened with url: ''

31-07-2024T14:12:48 - [TEST_STEP][PASSED] - navigateToUrl("https://webposqc.missarirasa.com/login"): Navigate to 'https://webposqc.missarirasa.com/login' successfully

31-07-2024T14:12:52 - [MESSAGE][PASSED] - Navigate to 'https://webposqc.missarirasa.com/login' successfully

31-07-2024T14:12:52 - [TEST_STEP][PASSED] - maximizeWindow(): Current window maximized

31-07-2024T14:12:52 - [MESSAGE][PASSED] - Current window maximized

31-07-2024T14:12:52 - [TEST_STEP][PASSED] - click(findTestObject("Object Repository/Login_Sarirasa WebPOS/input_ID Sarirasa_inputNIK")): Object: 'Object Repository/Login_Sarirasa WebPOS/input_ID Sarirasa_inputNIK' is clicked on

31-07-2024T14:12:52 - [MESSAGE][PASSED] - Object: 'Object Repository/Login_Sarirasa WebPOS/input_ID Sarirasa_inputNIK' is clicked on

31-07-2024T14:12:52 - [TEST_STEP][PASSED] - setText(findTestObject("Object Repository/Login_Sarirasa WebPOS/input_ID Sarirasa_inputNIK"), "58035"): Text '58035' is set on object 'Object Repository/Login_Sarirasa WebPOS/input_ID Sarirasa_inputNIK'

31-07-2024T14:12:53 - [MESSAGE][PASSED] - Text '58035' is set on object 'Object Repository/Login_Sarirasa WebPOS/input_ID Sarirasa_inputNIK'

31-07-2024T14:12:53 - [TEST_STEP][PASSED] - setEncryptedText(findTestObject("Object Repository/Login_Sarirasa WebPOS/input_Password_inputPassword"), "Cg+cUiY7xQqTg1iegvaWgg=="): Text ****** has been set on object 'Object Repository/Login_Sarirasa WebPOS/input_Password_inputPassword'

31-07-2024T14:12:53 - [MESSAGE][PASSED] - Text ****** has been set on object 'Object Repository/Login_Sarirasa WebPOS/input_Password_inputPassword'

31-07-2024T14:12:53 - [TEST_STEP][PASSED] - click(findTestObject("Object Repository/Login_Sarirasa WebPOS/button_Login")): Object: 'Object Repository/Login_Sarirasa WebPOS/button_Login' is clicked on

31-07-2024T14:12:54 - [MESSAGE][PASSED] - Object: 'Object Repository/Login_Sarirasa WebPOS/button_Login' is clicked on

31-07-2024T14:12:54 - [TEST_STEP][PASSED] - selectOptionByValue(findTestObject("Object Repository/Login_Sarirasa WebPOS/select_Tipe User Kasir 1Kasir 2Kasir 3Kasir_c131aa"), "kasir_1", true): All options with value 'kasir_1' are selected in object 'Object Repository/Login_Sarirasa WebPOS/select_Tipe User Kasir 1Kasir 2Kasir 3Kasir_c131aa'  using regular expression

31-07-2024T14:12:55 - [MESSAGE][PASSED] - All options with value 'kasir_1' are selected in object 'Object Repository/Login_Sarirasa WebPOS/select_Tipe User Kasir 1Kasir 2Kasir 3Kasir_c131aa'  using regular expression

31-07-2024T14:12:55 - [TEST_STEP][PASSED] - selectOptionByValue(findTestObject("Object Repository/Login_Sarirasa WebPOS/select_Tipe User Kasir 1Kasir 2Kasir 3Kasir_c131aa"), "kasir_2", true): All options with value 'kasir_2' are selected in object 'Object Repository/Login_Sarirasa WebPOS/select_Tipe User Kasir 1Kasir 2Kasir 3Kasir_c131aa'  using regular expression

31-07-2024T14:12:56 - [MESSAGE][PASSED] - All options with value 'kasir_2' are selected in object 'Object Repository/Login_Sarirasa WebPOS/select_Tipe User Kasir 1Kasir 2Kasir 3Kasir_c131aa'  using regular expression

31-07-2024T14:12:56 - [TEST_STEP][PASSED] - selectOptionByValue(findTestObject("Object Repository/Login_Sarirasa WebPOS/select_Tipe User Kasir 1Kasir 2Kasir 3Kasir_c131aa"), "kasir_3", true): All options with value 'kasir_3' are selected in object 'Object Repository/Login_Sarirasa WebPOS/select_Tipe User Kasir 1Kasir 2Kasir 3Kasir_c131aa'  using regular expression

31-07-2024T14:12:57 - [MESSAGE][PASSED] - All options with value 'kasir_3' are selected in object 'Object Repository/Login_Sarirasa WebPOS/select_Tipe User Kasir 1Kasir 2Kasir 3Kasir_c131aa'  using regular expression

31-07-2024T14:12:57 - [TEST_STEP][PASSED] - selectOptionByValue(findTestObject("Object Repository/Login_Sarirasa WebPOS/select_Tipe User Kasir 1Kasir 2Kasir 3Kasir_c131aa"), "kasir_4", true): All options with value 'kasir_4' are selected in object 'Object Repository/Login_Sarirasa WebPOS/select_Tipe User Kasir 1Kasir 2Kasir 3Kasir_c131aa'  using regular expression

31-07-2024T14:12:58 - [MESSAGE][PASSED] - All options with value 'kasir_4' are selected in object 'Object Repository/Login_Sarirasa WebPOS/select_Tipe User Kasir 1Kasir 2Kasir 3Kasir_c131aa'  using regular expression

31-07-2024T14:12:58 - [TEST_STEP][PASSED] - selectOptionByValue(findTestObject("Object Repository/Login_Sarirasa WebPOS/select_Tipe User Kasir 1Kasir 2Kasir 3Kasir_c131aa"), "kasir_3", true): All options with value 'kasir_3' are selected in object 'Object Repository/Login_Sarirasa WebPOS/select_Tipe User Kasir 1Kasir 2Kasir 3Kasir_c131aa'  using regular expression

31-07-2024T14:12:59 - [MESSAGE][PASSED] - All options with value 'kasir_3' are selected in object 'Object Repository/Login_Sarirasa WebPOS/select_Tipe User Kasir 1Kasir 2Kasir 3Kasir_c131aa'  using regular expression

31-07-2024T14:12:59 - [TEST_STEP][PASSED] - selectOptionByValue(findTestObject("Login_Sarirasa WebPOS/3.Printer-Link Webposqc/select_Pilih Default PrinterPrinter HO (Gud_2b3e02"), "59", true): All options with value '59' are selected in object 'Object Repository/Login_Sarirasa WebPOS/3.Printer-Link Webposqc/select_Pilih Default PrinterPrinter HO (Gud_2b3e02'  using regular expression

31-07-2024T14:13:00 - [MESSAGE][PASSED] - All options with value '59' are selected in object 'Object Repository/Login_Sarirasa WebPOS/3.Printer-Link Webposqc/select_Pilih Default PrinterPrinter HO (Gud_2b3e02'  using regular expression

31-07-2024T14:13:00 - [TEST_STEP][PASSED] - selectOptionByValue(findTestObject("Login_Sarirasa WebPOS/3.Printer-Link Webposqc/select_Pilih Default PrinterPrinter HO (Gud_2b3e02"), "94", true): All options with value '94' are selected in object 'Object Repository/Login_Sarirasa WebPOS/3.Printer-Link Webposqc/select_Pilih Default PrinterPrinter HO (Gud_2b3e02'  using regular expression

31-07-2024T14:13:01 - [MESSAGE][PASSED] - All options with value '94' are selected in object 'Object Repository/Login_Sarirasa WebPOS/3.Printer-Link Webposqc/select_Pilih Default PrinterPrinter HO (Gud_2b3e02'  using regular expression

31-07-2024T14:13:01 - [TEST_STEP][PASSED] - selectOptionByValue(findTestObject("Login_Sarirasa WebPOS/3.Printer-Link Webposqc/select_Pilih Default PrinterPrinter HO (Gud_2b3e02"), "59", true): All options with value '59' are selected in object 'Object Repository/Login_Sarirasa WebPOS/3.Printer-Link Webposqc/select_Pilih Default PrinterPrinter HO (Gud_2b3e02'  using regular expression

31-07-2024T14:13:02 - [MESSAGE][PASSED] - All options with value '59' are selected in object 'Object Repository/Login_Sarirasa WebPOS/3.Printer-Link Webposqc/select_Pilih Default PrinterPrinter HO (Gud_2b3e02'  using regular expression

31-07-2024T14:13:02 - [TEST_STEP][PASSED] - click(findTestObject("Login_Sarirasa WebPOS/button_Simpan")): Object: 'Object Repository/Login_Sarirasa WebPOS/button_Simpan' is clicked on

31-07-2024T14:13:02 - [MESSAGE][PASSED] - Object: 'Object Repository/Login_Sarirasa WebPOS/button_Simpan' is clicked on

31-07-2024T14:13:02 - [TEST_STEP][PASSED] - click(findTestObject("Login_Sarirasa WebPOS/button_Batal")): Object: 'Object Repository/Login_Sarirasa WebPOS/button_Batal' is clicked on

31-07-2024T14:13:03 - [MESSAGE][PASSED] - Object: 'Object Repository/Login_Sarirasa WebPOS/button_Batal' is clicked on

31-07-2024T14:13:03 - [TEST_STEP][PASSED] - click(findTestObject("Login_Sarirasa WebPOS/button_Simpan")): Object: 'Object Repository/Login_Sarirasa WebPOS/button_Simpan' is clicked on

31-07-2024T14:13:05 - [MESSAGE][PASSED] - Object: 'Object Repository/Login_Sarirasa WebPOS/button_Simpan' is clicked on

31-07-2024T14:13:05 - [TEST_STEP][PASSED] - click(findTestObject("Login_Sarirasa WebPOS/button_OK")): Object: 'Object Repository/Login_Sarirasa WebPOS/button_OK' is clicked on

31-07-2024T14:13:06 - [MESSAGE][PASSED] - Object: 'Object Repository/Login_Sarirasa WebPOS/button_OK' is clicked on

31-07-2024T14:13:06 - [TEST_STEP][PASSED] - delay(3): Delayed 3 second(s)

31-07-2024T14:13:09 - [MESSAGE][PASSED] - Delayed 3 second(s)

31-07-2024T14:13:09 - [TEST_STEP][PASSED] - click(findTestObject("Login_Sarirasa WebPOS/span_LOGOUT")): Object: 'Object Repository/Login_Sarirasa WebPOS/span_LOGOUT' is clicked on

31-07-2024T14:13:10 - [MESSAGE][PASSED] - Object: 'Object Repository/Login_Sarirasa WebPOS/span_LOGOUT' is clicked on

31-07-2024T14:13:10 - [TEST_STEP][PASSED] - delay(3): Delayed 3 second(s)

31-07-2024T14:13:13 - [MESSAGE][PASSED] - Delayed 3 second(s)]]></system-out>
         <system-err><![CDATA[]]></system-err>
      </testcase>
      <testcase name="Test Cases/07. Login kasir B - kasir 1 (aktive-kasir A)" time="13.593" classname="Test Cases/07. Login kasir B - kasir 1 (aktive-kasir A)" status="PASSED">
         <system-out><![CDATA[31-07-2024T14:13:13 - [TEST_CASE][PASSED] - Test Cases/07. Login kasir B - kasir 1 (aktive-kasir A): Test Cases/07. Login kasir B - kasir 1 (aktive-kasir A)

31-07-2024T14:13:13 - [TEST_STEP][PASSED] - openBrowser(""): Browser is opened with url: ''

31-07-2024T14:13:13 - [MESSAGE][WARNING] - A browser is already opened. Closing browser and opening a new one

31-07-2024T14:13:13 - [MESSAGE][INFO] - Starting 'Chrome' driver

31-07-2024T14:13:13 - [MESSAGE][INFO] - Action delay is set to 0 milliseconds

31-07-2024T14:13:14 - [MESSAGE][PASSED] - Browser is opened with url: ''

31-07-2024T14:13:14 - [TEST_STEP][PASSED] - navigateToUrl("https://webposqc.missarirasa.com/login"): Navigate to 'https://webposqc.missarirasa.com/login' successfully

31-07-2024T14:13:18 - [MESSAGE][PASSED] - Navigate to 'https://webposqc.missarirasa.com/login' successfully

31-07-2024T14:13:18 - [TEST_STEP][PASSED] - maximizeWindow(): Current window maximized

31-07-2024T14:13:18 - [MESSAGE][PASSED] - Current window maximized

31-07-2024T14:13:18 - [TEST_STEP][PASSED] - click(findTestObject("Object Repository/Login_Sarirasa WebPOS/input_ID Sarirasa_inputNIK")): Object: 'Object Repository/Login_Sarirasa WebPOS/input_ID Sarirasa_inputNIK' is clicked on

31-07-2024T14:13:19 - [MESSAGE][PASSED] - Object: 'Object Repository/Login_Sarirasa WebPOS/input_ID Sarirasa_inputNIK' is clicked on

31-07-2024T14:13:19 - [TEST_STEP][PASSED] - setText(findTestObject("Object Repository/Login_Sarirasa WebPOS/input_ID Sarirasa_inputNIK"), "58035"): Text '58035' is set on object 'Object Repository/Login_Sarirasa WebPOS/input_ID Sarirasa_inputNIK'

31-07-2024T14:13:19 - [MESSAGE][PASSED] - Text '58035' is set on object 'Object Repository/Login_Sarirasa WebPOS/input_ID Sarirasa_inputNIK'

31-07-2024T14:13:19 - [TEST_STEP][PASSED] - setEncryptedText(findTestObject("Object Repository/Login_Sarirasa WebPOS/input_Password_inputPassword"), "Cg+cUiY7xQqTg1iegvaWgg=="): Text ****** has been set on object 'Object Repository/Login_Sarirasa WebPOS/input_Password_inputPassword'

31-07-2024T14:13:20 - [MESSAGE][PASSED] - Text ****** has been set on object 'Object Repository/Login_Sarirasa WebPOS/input_Password_inputPassword'

31-07-2024T14:13:20 - [TEST_STEP][PASSED] - click(findTestObject("Object Repository/Login_Sarirasa WebPOS/button_Login")): Object: 'Object Repository/Login_Sarirasa WebPOS/button_Login' is clicked on

31-07-2024T14:13:20 - [MESSAGE][PASSED] - Object: 'Object Repository/Login_Sarirasa WebPOS/button_Login' is clicked on

31-07-2024T14:13:20 - [TEST_STEP][PASSED] - selectOptionByValue(findTestObject("Object Repository/Login_Sarirasa WebPOS/select_Tipe User Kasir 1Kasir 2Kasir 3Kasir_c131aa"), "kasir_1", true): All options with value 'kasir_1' are selected in object 'Object Repository/Login_Sarirasa WebPOS/select_Tipe User Kasir 1Kasir 2Kasir 3Kasir_c131aa'  using regular expression

31-07-2024T14:13:21 - [MESSAGE][PASSED] - All options with value 'kasir_1' are selected in object 'Object Repository/Login_Sarirasa WebPOS/select_Tipe User Kasir 1Kasir 2Kasir 3Kasir_c131aa'  using regular expression

31-07-2024T14:13:21 - [TEST_STEP][PASSED] - selectOptionByValue(findTestObject("Object Repository/Login_Sarirasa WebPOS/select_Pilih Default PrinterPrinter HO (Gud_45e032"), "59", true): All options with value '59' are selected in object 'Object Repository/Login_Sarirasa WebPOS/select_Pilih Default PrinterPrinter HO (Gud_45e032'  using regular expression

31-07-2024T14:13:22 - [MESSAGE][PASSED] - All options with value '59' are selected in object 'Object Repository/Login_Sarirasa WebPOS/select_Pilih Default PrinterPrinter HO (Gud_45e032'  using regular expression

31-07-2024T14:13:22 - [TEST_STEP][PASSED] - click(findTestObject("Object Repository/Login_Sarirasa WebPOS/button_Simpan")): Object: 'Object Repository/Login_Sarirasa WebPOS/button_Simpan' is clicked on

31-07-2024T14:13:23 - [MESSAGE][PASSED] - Object: 'Object Repository/Login_Sarirasa WebPOS/button_Simpan' is clicked on

31-07-2024T14:13:23 - [TEST_STEP][PASSED] - click(findTestObject("Object Repository/Login_Sarirasa WebPOS/button_OK")): Object: 'Object Repository/Login_Sarirasa WebPOS/button_OK' is clicked on

31-07-2024T14:13:23 - [MESSAGE][PASSED] - Object: 'Object Repository/Login_Sarirasa WebPOS/button_OK' is clicked on

31-07-2024T14:13:23 - [TEST_STEP][PASSED] - delay(3): Delayed 3 second(s)

31-07-2024T14:13:26 - [MESSAGE][PASSED] - Delayed 3 second(s)]]></system-out>
         <system-err><![CDATA[]]></system-err>
      </testcase>
      <testcase name="Test Cases/08. Login kasir B - kasir 3" time="16.794" classname="Test Cases/08. Login kasir B - kasir 3" status="PASSED">
         <system-out><![CDATA[31-07-2024T14:13:26 - [TEST_CASE][PASSED] - Test Cases/08. Login kasir B - kasir 3: Test Cases/08. Login kasir B - kasir 3

31-07-2024T14:13:26 - [TEST_STEP][PASSED] - openBrowser(""): Browser is opened with url: ''

31-07-2024T14:13:27 - [MESSAGE][WARNING] - A browser is already opened. Closing browser and opening a new one

31-07-2024T14:13:28 - [MESSAGE][INFO] - Starting 'Chrome' driver

31-07-2024T14:13:28 - [MESSAGE][INFO] - Action delay is set to 0 milliseconds

31-07-2024T14:13:29 - [MESSAGE][PASSED] - Browser is opened with url: ''

31-07-2024T14:13:29 - [TEST_STEP][PASSED] - navigateToUrl("https://webposqc.missarirasa.com/login"): Navigate to 'https://webposqc.missarirasa.com/login' successfully

31-07-2024T14:13:32 - [MESSAGE][PASSED] - Navigate to 'https://webposqc.missarirasa.com/login' successfully

31-07-2024T14:13:32 - [TEST_STEP][PASSED] - maximizeWindow(): Current window maximized

31-07-2024T14:13:33 - [MESSAGE][PASSED] - Current window maximized

31-07-2024T14:13:33 - [TEST_STEP][PASSED] - click(findTestObject("Object Repository/Login_Sarirasa WebPOS/input_ID Sarirasa_inputNIK")): Object: 'Object Repository/Login_Sarirasa WebPOS/input_ID Sarirasa_inputNIK' is clicked on

31-07-2024T14:13:33 - [MESSAGE][PASSED] - Object: 'Object Repository/Login_Sarirasa WebPOS/input_ID Sarirasa_inputNIK' is clicked on

31-07-2024T14:13:33 - [TEST_STEP][PASSED] - setText(findTestObject("Object Repository/Login_Sarirasa WebPOS/input_ID Sarirasa_inputNIK"), "58035"): Text '58035' is set on object 'Object Repository/Login_Sarirasa WebPOS/input_ID Sarirasa_inputNIK'

31-07-2024T14:13:34 - [MESSAGE][PASSED] - Text '58035' is set on object 'Object Repository/Login_Sarirasa WebPOS/input_ID Sarirasa_inputNIK'

31-07-2024T14:13:34 - [TEST_STEP][PASSED] - setEncryptedText(findTestObject("Object Repository/Login_Sarirasa WebPOS/input_Password_inputPassword"), "Cg+cUiY7xQqTg1iegvaWgg=="): Text ****** has been set on object 'Object Repository/Login_Sarirasa WebPOS/input_Password_inputPassword'

31-07-2024T14:13:34 - [MESSAGE][PASSED] - Text ****** has been set on object 'Object Repository/Login_Sarirasa WebPOS/input_Password_inputPassword'

31-07-2024T14:13:34 - [TEST_STEP][PASSED] - click(findTestObject("Object Repository/Login_Sarirasa WebPOS/button_Login")): Object: 'Object Repository/Login_Sarirasa WebPOS/button_Login' is clicked on

31-07-2024T14:13:35 - [MESSAGE][PASSED] - Object: 'Object Repository/Login_Sarirasa WebPOS/button_Login' is clicked on

31-07-2024T14:13:35 - [TEST_STEP][PASSED] - selectOptionByValue(findTestObject("Object Repository/Login_Sarirasa WebPOS/select_Tipe User Kasir 1Kasir 2Kasir 3Kasir_c131aa"), "kasir_3", true): All options with value 'kasir_3' are selected in object 'Object Repository/Login_Sarirasa WebPOS/select_Tipe User Kasir 1Kasir 2Kasir 3Kasir_c131aa'  using regular expression

31-07-2024T14:13:36 - [MESSAGE][PASSED] - All options with value 'kasir_3' are selected in object 'Object Repository/Login_Sarirasa WebPOS/select_Tipe User Kasir 1Kasir 2Kasir 3Kasir_c131aa'  using regular expression

31-07-2024T14:13:36 - [TEST_STEP][PASSED] - selectOptionByValue(findTestObject("Object Repository/Login_Sarirasa WebPOS/select_Pilih Default PrinterPrinter HO (Gud_45e032"), "59", true): All options with value '59' are selected in object 'Object Repository/Login_Sarirasa WebPOS/select_Pilih Default PrinterPrinter HO (Gud_45e032'  using regular expression

31-07-2024T14:13:37 - [MESSAGE][PASSED] - All options with value '59' are selected in object 'Object Repository/Login_Sarirasa WebPOS/select_Pilih Default PrinterPrinter HO (Gud_45e032'  using regular expression

31-07-2024T14:13:37 - [TEST_STEP][PASSED] - click(findTestObject("Object Repository/Login_Sarirasa WebPOS/button_Simpan")): Object: 'Object Repository/Login_Sarirasa WebPOS/button_Simpan' is clicked on

31-07-2024T14:13:37 - [MESSAGE][PASSED] - Object: 'Object Repository/Login_Sarirasa WebPOS/button_Simpan' is clicked on

31-07-2024T14:13:37 - [TEST_STEP][PASSED] - click(findTestObject("Object Repository/Login_Sarirasa WebPOS/button_OK")): Object: 'Object Repository/Login_Sarirasa WebPOS/button_OK' is clicked on

31-07-2024T14:13:38 - [MESSAGE][PASSED] - Object: 'Object Repository/Login_Sarirasa WebPOS/button_OK' is clicked on

31-07-2024T14:13:38 - [TEST_STEP][PASSED] - delay(5): Delayed 5 second(s)

31-07-2024T14:13:43 - [MESSAGE][PASSED] - Delayed 5 second(s)]]></system-out>
         <system-err><![CDATA[]]></system-err>
      </testcase>
      <system-out><![CDATA[31-07-2024T14:10:49 - [TEST_SUITE][PASSED] - Flow Login: Test Cases/08. Login kasir B - kasir 3]]></system-out>
      <system-err><![CDATA[]]></system-err>
   </testsuite>
</testsuites>
