<?xml version="1.0" encoding="UTF-8"?>
<testsuites name="Flow Login" time="175.546" tests="10" failures="0" errors="0">
   <testsuite name="Flow Login" tests="10" failures="0" errors="0" time="175.546" skipped="0" timestamp="30-07-2024T14:23:30" hostname="User - DESKTOP-SSNE543" id="Test Suites/Flow Login">
      <properties>
         <property name="deviceName" value=""/>
         <property name="devicePlatform"/>
         <property name="logFolder" value="C:\\Users\\User\\git\\SariRasa-Webpos\\Reports\\20240730_142322\\Flow Login\\20240730_142322"/>
         <property name="logFiles" value="C:\\Users\\User\\git\\SariRasa-Webpos\\Reports\\20240730_142322\\Flow Login\\20240730_142322\\execution0.log"/>
         <property name="attachments" value="C:\\Users\\User\\git\\SariRasa-Webpos\\Reports\\20240730_142322\\Flow Login\\20240730_142322\\1722324223955.png, C:\\Users\\User\\git\\SariRasa-Webpos\\Reports\\20240730_142322\\Flow Login\\20240730_142322\\1722324232437.png"/>
         <property name="hostName" value="User - DESKTOP-SSNE543"/>
         <property name="os" value="Windows 10 64bit"/>
         <property name="katalonVersion" value="9.5.0.217"/>
         <property name="browser" value="Chrome 126.0.0.0"/>
         <property name="hostAddress" value="172.25.5.124"/>
         <property name="sessionId" value="62885cd14d8bed67d7e513bc96e3e664"/>
         <property name="seleniumVersion" value="3.141.59"/>
         <property name="proxyInformation" value="ProxyInformation { proxyOption=NO_PROXY, proxyServerType=HTTP, username=, password=********, proxyServerAddress=, proxyServerPort=0, executionList=&quot;&quot;, isApplyToDesiredCapabilities=true }"/>
         <property name="platform" value="Windows 10"/>
      </properties>
      <testcase name="Test Cases/001. Login - password tidak terdaftar" time="12.835" classname="Test Cases/001. Login - password tidak terdaftar" status="PASSED">
         <system-out><![CDATA[30-07-2024T14:23:31 - [TEST_CASE][PASSED] - Test Cases/001. Login - password tidak terdaftar: Test Cases/001. Login - password tidak terdaftar

30-07-2024T14:23:32 - [TEST_STEP][PASSED] - openBrowser(""): Browser is opened with url: ''

30-07-2024T14:23:32 - [MESSAGE][INFO] - Starting 'Chrome' driver

30-07-2024T14:23:32 - [MESSAGE][INFO] - Action delay is set to 0 milliseconds

30-07-2024T14:23:36 - [MESSAGE][PASSED] - Browser is opened with url: ''

30-07-2024T14:23:36 - [TEST_STEP][PASSED] - navigateToUrl("https://webposqc.missarirasa.com/login"): Navigate to 'https://webposqc.missarirasa.com/login' successfully

30-07-2024T14:23:40 - [MESSAGE][PASSED] - Navigate to 'https://webposqc.missarirasa.com/login' successfully

30-07-2024T14:23:40 - [TEST_STEP][PASSED] - maximizeWindow(): Current window maximized

30-07-2024T14:23:40 - [MESSAGE][PASSED] - Current window maximized

30-07-2024T14:23:40 - [TEST_STEP][PASSED] - click(findTestObject("Object Repository/Login_Sarirasa WebPOS/input_ID Sarirasa_inputNIK")): Object: 'Object Repository/Login_Sarirasa WebPOS/input_ID Sarirasa_inputNIK' is clicked on

30-07-2024T14:23:41 - [MESSAGE][PASSED] - Object: 'Object Repository/Login_Sarirasa WebPOS/input_ID Sarirasa_inputNIK' is clicked on

30-07-2024T14:23:41 - [TEST_STEP][PASSED] - setText(findTestObject("Object Repository/Login_Sarirasa WebPOS/input_ID Sarirasa_inputNIK"), "61653"): Text '61653' is set on object 'Object Repository/Login_Sarirasa WebPOS/input_ID Sarirasa_inputNIK'

30-07-2024T14:23:42 - [MESSAGE][PASSED] - Text '61653' is set on object 'Object Repository/Login_Sarirasa WebPOS/input_ID Sarirasa_inputNIK'

30-07-2024T14:23:42 - [TEST_STEP][PASSED] - setText(findTestObject("Object Repository/Login_Sarirasa WebPOS/input_Password_inputPassword"), "salah password"): Text 'salah password' is set on object 'Object Repository/Login_Sarirasa WebPOS/input_Password_inputPassword'

30-07-2024T14:23:42 - [MESSAGE][PASSED] - Text 'salah password' is set on object 'Object Repository/Login_Sarirasa WebPOS/input_Password_inputPassword'

30-07-2024T14:23:42 - [TEST_STEP][PASSED] - click(findTestObject("Object Repository/Login_Sarirasa WebPOS/button_Login")): Object: 'Object Repository/Login_Sarirasa WebPOS/button_Login' is clicked on

30-07-2024T14:23:43 - [MESSAGE][PASSED] - Object: 'Object Repository/Login_Sarirasa WebPOS/button_Login' is clicked on

30-07-2024T14:23:43 - [TEST_STEP][PASSED] - verifyElementText(findTestObject("Login_Sarirasa WebPOS/1.Validasi Login/div_Maaf, Data tidak sesuai. Silahkan coba lagi"), "Maaf, Id tidak ditemukan", OPTIONAL): Actual text '×
Maaf, Data tidak sesuai. Silahkan coba lagi!' and expected text 'Maaf, Id tidak ditemukan' of test object 'Object Repository/Login_Sarirasa WebPOS/1.Validasi Login/div_Maaf, Data tidak sesuai. Silahkan coba lagi' are NOT matched. (Root cause: com.kms.katalon.core.exception.StepFailedException: Actual text '×
Maaf, Data tidak sesuai. Silahkan coba lagi!' and expected text 'Maaf, Id tidak ditemukan' of test object 'Object Repository/Login_Sarirasa WebPOS/1.Validasi Login/div_Maaf, Data tidak sesuai. Silahkan coba lagi' are NOT matched.
	at com.kms.katalon.core.webui.keyword.internal.WebUIKeywordMain.stepFailed(WebUIKeywordMain.groovy:64)
	at com.kms.katalon.core.webui.keyword.builtin.VerifyElementTextKeyword$_verifyElementText_closure1.doCall(VerifyElementTextKeyword.groovy:57)
	at com.kms.katalon.core.webui.keyword.builtin.VerifyElementTextKeyword$_verifyElementText_closure1.call(VerifyElementTextKeyword.groovy)
	at com.kms.katalon.core.webui.keyword.internal.WebUIKeywordMain.runKeyword(WebUIKeywordMain.groovy:20)
	at com.kms.katalon.core.webui.keyword.builtin.VerifyElementTextKeyword.verifyElementText(VerifyElementTextKeyword.groovy:72)
	at com.kms.katalon.core.webui.keyword.builtin.VerifyElementTextKeyword.execute(VerifyElementTextKeyword.groovy:40)
	at com.kms.katalon.core.keyword.internal.KeywordExecutor.executeKeywordForPlatform(KeywordExecutor.groovy:74)
	at com.kms.katalon.core.webui.keyword.WebUiBuiltInKeywords.verifyElementText(WebUiBuiltInKeywords.groovy:4819)
	at 001. Login - password tidak terdaftar.run(001. Login - password tidak terdaftar:34)
	at com.kms.katalon.core.main.ScriptEngine.run(ScriptEngine.java:194)
	at com.kms.katalon.core.main.ScriptEngine.runScriptAsRawText(ScriptEngine.java:119)
	at com.kms.katalon.core.main.TestCaseExecutor.runScript(TestCaseExecutor.java:448)
	at com.kms.katalon.core.main.TestCaseExecutor.doExecute(TestCaseExecutor.java:439)
	at com.kms.katalon.core.main.TestCaseExecutor.processExecutionPhase(TestCaseExecutor.java:418)
	at com.kms.katalon.core.main.TestCaseExecutor.accessMainPhase(TestCaseExecutor.java:410)
	at com.kms.katalon.core.main.TestCaseExecutor.execute(TestCaseExecutor.java:285)
	at com.kms.katalon.core.common.CommonExecutor.accessTestCaseMainPhase(CommonExecutor.java:65)
	at com.kms.katalon.core.main.TestSuiteExecutor.accessTestSuiteMainPhase(TestSuiteExecutor.java:150)
	at com.kms.katalon.core.main.TestSuiteExecutor.execute(TestSuiteExecutor.java:106)
	at com.kms.katalon.core.main.TestCaseMain.startTestSuite(TestCaseMain.java:180)
	at TempTestSuite1722324202782.run(TempTestSuite1722324202782.groovy:35)
	at java.base/jdk.internal.reflect.NativeMethodAccessorImpl.invoke0(Native Method)
	at java.base/jdk.internal.reflect.NativeMethodAccessorImpl.invoke(NativeMethodAccessorImpl.java:77)
	at java.base/jdk.internal.reflect.DelegatingMethodAccessorImpl.invoke(DelegatingMethodAccessorImpl.java:43)
)

30-07-2024T14:23:44 - [MESSAGE][WARNING] - Actual text '×
Maaf, Data tidak sesuai. Silahkan coba lagi!' and expected text 'Maaf, Id tidak ditemukan' of test object 'Object Repository/Login_Sarirasa WebPOS/1.Validasi Login/div_Maaf, Data tidak sesuai. Silahkan coba lagi' are NOT matched. (Root cause: com.kms.katalon.core.exception.StepFailedException: Actual text '×
Maaf, Data tidak sesuai. Silahkan coba lagi!' and expected text 'Maaf, Id tidak ditemukan' of test object 'Object Repository/Login_Sarirasa WebPOS/1.Validasi Login/div_Maaf, Data tidak sesuai. Silahkan coba lagi' are NOT matched.
	at com.kms.katalon.core.webui.keyword.internal.WebUIKeywordMain.stepFailed(WebUIKeywordMain.groovy:64)
	at com.kms.katalon.core.webui.keyword.builtin.VerifyElementTextKeyword$_verifyElementText_closure1.doCall(VerifyElementTextKeyword.groovy:57)
	at com.kms.katalon.core.webui.keyword.builtin.VerifyElementTextKeyword$_verifyElementText_closure1.call(VerifyElementTextKeyword.groovy)
	at com.kms.katalon.core.webui.keyword.internal.WebUIKeywordMain.runKeyword(WebUIKeywordMain.groovy:20)
	at com.kms.katalon.core.webui.keyword.builtin.VerifyElementTextKeyword.verifyElementText(VerifyElementTextKeyword.groovy:72)
	at com.kms.katalon.core.webui.keyword.builtin.VerifyElementTextKeyword.execute(VerifyElementTextKeyword.groovy:40)
	at com.kms.katalon.core.keyword.internal.KeywordExecutor.executeKeywordForPlatform(KeywordExecutor.groovy:74)
	at com.kms.katalon.core.webui.keyword.WebUiBuiltInKeywords.verifyElementText(WebUiBuiltInKeywords.groovy:4819)
	at 001. Login - password tidak terdaftar.run(001. Login - password tidak terdaftar:34)
	at com.kms.katalon.core.main.ScriptEngine.run(ScriptEngine.java:194)
	at com.kms.katalon.core.main.ScriptEngine.runScriptAsRawText(ScriptEngine.java:119)
	at com.kms.katalon.core.main.TestCaseExecutor.runScript(TestCaseExecutor.java:448)
	at com.kms.katalon.core.main.TestCaseExecutor.doExecute(TestCaseExecutor.java:439)
	at com.kms.katalon.core.main.TestCaseExecutor.processExecutionPhase(TestCaseExecutor.java:418)
	at com.kms.katalon.core.main.TestCaseExecutor.accessMainPhase(TestCaseExecutor.java:410)
	at com.kms.katalon.core.main.TestCaseExecutor.execute(TestCaseExecutor.java:285)
	at com.kms.katalon.core.common.CommonExecutor.accessTestCaseMainPhase(CommonExecutor.java:65)
	at com.kms.katalon.core.main.TestSuiteExecutor.accessTestSuiteMainPhase(TestSuiteExecutor.java:150)
	at com.kms.katalon.core.main.TestSuiteExecutor.execute(TestSuiteExecutor.java:106)
	at com.kms.katalon.core.main.TestCaseMain.startTestSuite(TestCaseMain.java:180)
	at TempTestSuite1722324202782.run(TempTestSuite1722324202782.groovy:35)
	at java.base/jdk.internal.reflect.NativeMethodAccessorImpl.invoke0(Native Method)
	at java.base/jdk.internal.reflect.NativeMethodAccessorImpl.invoke(NativeMethodAccessorImpl.java:77)
	at java.base/jdk.internal.reflect.DelegatingMethodAccessorImpl.invoke(DelegatingMethodAccessorImpl.java:43)
)
[[ATTACHMENT|C:\\Users\\User\\git\\SariRasa-Webpos\\Reports\\20240730_142322\\Flow Login\\20240730_142322\\1722324223955.png]]]]></system-out>
         <system-err><![CDATA[]]></system-err>
      </testcase>
      <testcase name="Test Cases/002. Login - username tidak terdaftar" time="8.407" classname="Test Cases/002. Login - username tidak terdaftar" status="PASSED">
         <system-out><![CDATA[30-07-2024T14:23:44 - [TEST_CASE][PASSED] - Test Cases/002. Login - username tidak terdaftar: Test Cases/002. Login - username tidak terdaftar

30-07-2024T14:23:44 - [TEST_STEP][PASSED] - openBrowser(""): Browser is opened with url: ''

30-07-2024T14:23:44 - [MESSAGE][WARNING] - A browser is already opened. Closing browser and opening a new one

30-07-2024T14:23:44 - [MESSAGE][INFO] - Starting 'Chrome' driver

30-07-2024T14:23:44 - [MESSAGE][INFO] - Action delay is set to 0 milliseconds

30-07-2024T14:23:46 - [MESSAGE][PASSED] - Browser is opened with url: ''

30-07-2024T14:23:46 - [TEST_STEP][PASSED] - navigateToUrl("https://webposqc.missarirasa.com/login"): Navigate to 'https://webposqc.missarirasa.com/login' successfully

30-07-2024T14:23:49 - [MESSAGE][PASSED] - Navigate to 'https://webposqc.missarirasa.com/login' successfully

30-07-2024T14:23:49 - [TEST_STEP][PASSED] - maximizeWindow(): Current window maximized

30-07-2024T14:23:49 - [MESSAGE][PASSED] - Current window maximized

30-07-2024T14:23:49 - [TEST_STEP][PASSED] - click(findTestObject("Object Repository/Login_Sarirasa WebPOS/input_ID Sarirasa_inputNIK")): Object: 'Object Repository/Login_Sarirasa WebPOS/input_ID Sarirasa_inputNIK' is clicked on

30-07-2024T14:23:50 - [MESSAGE][PASSED] - Object: 'Object Repository/Login_Sarirasa WebPOS/input_ID Sarirasa_inputNIK' is clicked on

30-07-2024T14:23:50 - [TEST_STEP][PASSED] - setText(findTestObject("Object Repository/Login_Sarirasa WebPOS/input_ID Sarirasa_inputNIK"), "username tidak terdaftar"): Text 'username tidak terdaftar' is set on object 'Object Repository/Login_Sarirasa WebPOS/input_ID Sarirasa_inputNIK'

30-07-2024T14:23:50 - [MESSAGE][PASSED] - Text 'username tidak terdaftar' is set on object 'Object Repository/Login_Sarirasa WebPOS/input_ID Sarirasa_inputNIK'

30-07-2024T14:23:50 - [TEST_STEP][PASSED] - setText(findTestObject("Object Repository/Login_Sarirasa WebPOS/input_Password_inputPassword"), "sarirasa1"): Text 'sarirasa1' is set on object 'Object Repository/Login_Sarirasa WebPOS/input_Password_inputPassword'

30-07-2024T14:23:51 - [MESSAGE][PASSED] - Text 'sarirasa1' is set on object 'Object Repository/Login_Sarirasa WebPOS/input_Password_inputPassword'

30-07-2024T14:23:51 - [TEST_STEP][PASSED] - click(findTestObject("Object Repository/Login_Sarirasa WebPOS/button_Login")): Object: 'Object Repository/Login_Sarirasa WebPOS/button_Login' is clicked on

30-07-2024T14:23:51 - [MESSAGE][PASSED] - Object: 'Object Repository/Login_Sarirasa WebPOS/button_Login' is clicked on

30-07-2024T14:23:51 - [TEST_STEP][PASSED] - verifyElementText(findTestObject("Login_Sarirasa WebPOS/1.Validasi Login/div_Maaf, Id tidak ditemukan"), "Maaf, Id tidak ditemukan", OPTIONAL): Actual text '×
Maaf, Id tidak ditemukan' and expected text 'Maaf, Id tidak ditemukan' of test object 'Object Repository/Login_Sarirasa WebPOS/1.Validasi Login/div_Maaf, Id tidak ditemukan' are NOT matched. (Root cause: com.kms.katalon.core.exception.StepFailedException: Actual text '×
Maaf, Id tidak ditemukan' and expected text 'Maaf, Id tidak ditemukan' of test object 'Object Repository/Login_Sarirasa WebPOS/1.Validasi Login/div_Maaf, Id tidak ditemukan' are NOT matched.
	at com.kms.katalon.core.webui.keyword.internal.WebUIKeywordMain.stepFailed(WebUIKeywordMain.groovy:64)
	at com.kms.katalon.core.webui.keyword.builtin.VerifyElementTextKeyword$_verifyElementText_closure1.doCall(VerifyElementTextKeyword.groovy:57)
	at com.kms.katalon.core.webui.keyword.builtin.VerifyElementTextKeyword$_verifyElementText_closure1.call(VerifyElementTextKeyword.groovy)
	at com.kms.katalon.core.webui.keyword.internal.WebUIKeywordMain.runKeyword(WebUIKeywordMain.groovy:20)
	at com.kms.katalon.core.webui.keyword.builtin.VerifyElementTextKeyword.verifyElementText(VerifyElementTextKeyword.groovy:72)
	at com.kms.katalon.core.webui.keyword.builtin.VerifyElementTextKeyword.execute(VerifyElementTextKeyword.groovy:40)
	at com.kms.katalon.core.keyword.internal.KeywordExecutor.executeKeywordForPlatform(KeywordExecutor.groovy:74)
	at com.kms.katalon.core.webui.keyword.WebUiBuiltInKeywords.verifyElementText(WebUiBuiltInKeywords.groovy:4819)
	at 002. Login - username tidak terdaftar.run(002. Login - username tidak terdaftar:34)
	at com.kms.katalon.core.main.ScriptEngine.run(ScriptEngine.java:194)
	at com.kms.katalon.core.main.ScriptEngine.runScriptAsRawText(ScriptEngine.java:119)
	at com.kms.katalon.core.main.TestCaseExecutor.runScript(TestCaseExecutor.java:448)
	at com.kms.katalon.core.main.TestCaseExecutor.doExecute(TestCaseExecutor.java:439)
	at com.kms.katalon.core.main.TestCaseExecutor.processExecutionPhase(TestCaseExecutor.java:418)
	at com.kms.katalon.core.main.TestCaseExecutor.accessMainPhase(TestCaseExecutor.java:410)
	at com.kms.katalon.core.main.TestCaseExecutor.execute(TestCaseExecutor.java:285)
	at com.kms.katalon.core.common.CommonExecutor.accessTestCaseMainPhase(CommonExecutor.java:65)
	at com.kms.katalon.core.main.TestSuiteExecutor.accessTestSuiteMainPhase(TestSuiteExecutor.java:150)
	at com.kms.katalon.core.main.TestSuiteExecutor.execute(TestSuiteExecutor.java:106)
	at com.kms.katalon.core.main.TestCaseMain.startTestSuite(TestCaseMain.java:180)
	at TempTestSuite1722324202782.run(TempTestSuite1722324202782.groovy:35)
	at java.base/jdk.internal.reflect.NativeMethodAccessorImpl.invoke0(Native Method)
	at java.base/jdk.internal.reflect.NativeMethodAccessorImpl.invoke(NativeMethodAccessorImpl.java:77)
	at java.base/jdk.internal.reflect.DelegatingMethodAccessorImpl.invoke(DelegatingMethodAccessorImpl.java:43)
)

30-07-2024T14:23:52 - [MESSAGE][WARNING] - Actual text '×
Maaf, Id tidak ditemukan' and expected text 'Maaf, Id tidak ditemukan' of test object 'Object Repository/Login_Sarirasa WebPOS/1.Validasi Login/div_Maaf, Id tidak ditemukan' are NOT matched. (Root cause: com.kms.katalon.core.exception.StepFailedException: Actual text '×
Maaf, Id tidak ditemukan' and expected text 'Maaf, Id tidak ditemukan' of test object 'Object Repository/Login_Sarirasa WebPOS/1.Validasi Login/div_Maaf, Id tidak ditemukan' are NOT matched.
	at com.kms.katalon.core.webui.keyword.internal.WebUIKeywordMain.stepFailed(WebUIKeywordMain.groovy:64)
	at com.kms.katalon.core.webui.keyword.builtin.VerifyElementTextKeyword$_verifyElementText_closure1.doCall(VerifyElementTextKeyword.groovy:57)
	at com.kms.katalon.core.webui.keyword.builtin.VerifyElementTextKeyword$_verifyElementText_closure1.call(VerifyElementTextKeyword.groovy)
	at com.kms.katalon.core.webui.keyword.internal.WebUIKeywordMain.runKeyword(WebUIKeywordMain.groovy:20)
	at com.kms.katalon.core.webui.keyword.builtin.VerifyElementTextKeyword.verifyElementText(VerifyElementTextKeyword.groovy:72)
	at com.kms.katalon.core.webui.keyword.builtin.VerifyElementTextKeyword.execute(VerifyElementTextKeyword.groovy:40)
	at com.kms.katalon.core.keyword.internal.KeywordExecutor.executeKeywordForPlatform(KeywordExecutor.groovy:74)
	at com.kms.katalon.core.webui.keyword.WebUiBuiltInKeywords.verifyElementText(WebUiBuiltInKeywords.groovy:4819)
	at 002. Login - username tidak terdaftar.run(002. Login - username tidak terdaftar:34)
	at com.kms.katalon.core.main.ScriptEngine.run(ScriptEngine.java:194)
	at com.kms.katalon.core.main.ScriptEngine.runScriptAsRawText(ScriptEngine.java:119)
	at com.kms.katalon.core.main.TestCaseExecutor.runScript(TestCaseExecutor.java:448)
	at com.kms.katalon.core.main.TestCaseExecutor.doExecute(TestCaseExecutor.java:439)
	at com.kms.katalon.core.main.TestCaseExecutor.processExecutionPhase(TestCaseExecutor.java:418)
	at com.kms.katalon.core.main.TestCaseExecutor.accessMainPhase(TestCaseExecutor.java:410)
	at com.kms.katalon.core.main.TestCaseExecutor.execute(TestCaseExecutor.java:285)
	at com.kms.katalon.core.common.CommonExecutor.accessTestCaseMainPhase(CommonExecutor.java:65)
	at com.kms.katalon.core.main.TestSuiteExecutor.accessTestSuiteMainPhase(TestSuiteExecutor.java:150)
	at com.kms.katalon.core.main.TestSuiteExecutor.execute(TestSuiteExecutor.java:106)
	at com.kms.katalon.core.main.TestCaseMain.startTestSuite(TestCaseMain.java:180)
	at TempTestSuite1722324202782.run(TempTestSuite1722324202782.groovy:35)
	at java.base/jdk.internal.reflect.NativeMethodAccessorImpl.invoke0(Native Method)
	at java.base/jdk.internal.reflect.NativeMethodAccessorImpl.invoke(NativeMethodAccessorImpl.java:77)
	at java.base/jdk.internal.reflect.DelegatingMethodAccessorImpl.invoke(DelegatingMethodAccessorImpl.java:43)
)
[[ATTACHMENT|C:\\Users\\User\\git\\SariRasa-Webpos\\Reports\\20240730_142322\\Flow Login\\20240730_142322\\1722324232437.png]]]]></system-out>
         <system-err><![CDATA[]]></system-err>
      </testcase>
      <testcase name="Test Cases/01. Login - logout - managerial" time="23.782" classname="Test Cases/01. Login - logout - managerial" status="PASSED">
         <system-out><![CDATA[30-07-2024T14:23:52 - [TEST_CASE][PASSED] - Test Cases/01. Login - logout - managerial: Test Cases/01. Login - logout - managerial

30-07-2024T14:23:52 - [TEST_STEP][PASSED] - openBrowser(""): Browser is opened with url: ''

30-07-2024T14:23:52 - [MESSAGE][WARNING] - A browser is already opened. Closing browser and opening a new one

30-07-2024T14:23:53 - [MESSAGE][INFO] - Starting 'Chrome' driver

30-07-2024T14:23:53 - [MESSAGE][INFO] - Action delay is set to 0 milliseconds

30-07-2024T14:23:54 - [MESSAGE][PASSED] - Browser is opened with url: ''

30-07-2024T14:23:54 - [TEST_STEP][PASSED] - navigateToUrl("https://webposqc.missarirasa.com/login"): Navigate to 'https://webposqc.missarirasa.com/login' successfully

30-07-2024T14:23:58 - [MESSAGE][PASSED] - Navigate to 'https://webposqc.missarirasa.com/login' successfully

30-07-2024T14:23:58 - [TEST_STEP][PASSED] - maximizeWindow(): Current window maximized

30-07-2024T14:23:58 - [MESSAGE][PASSED] - Current window maximized

30-07-2024T14:23:58 - [TEST_STEP][PASSED] - click(findTestObject("Object Repository/Login_Sarirasa WebPOS/input_ID Sarirasa_inputNIK")): Object: 'Object Repository/Login_Sarirasa WebPOS/input_ID Sarirasa_inputNIK' is clicked on

30-07-2024T14:23:58 - [MESSAGE][PASSED] - Object: 'Object Repository/Login_Sarirasa WebPOS/input_ID Sarirasa_inputNIK' is clicked on

30-07-2024T14:23:58 - [TEST_STEP][PASSED] - setText(findTestObject("Object Repository/Login_Sarirasa WebPOS/input_ID Sarirasa_inputNIK"), "54760"): Text '54760' is set on object 'Object Repository/Login_Sarirasa WebPOS/input_ID Sarirasa_inputNIK'

30-07-2024T14:23:59 - [MESSAGE][PASSED] - Text '54760' is set on object 'Object Repository/Login_Sarirasa WebPOS/input_ID Sarirasa_inputNIK'

30-07-2024T14:23:59 - [TEST_STEP][PASSED] - setEncryptedText(findTestObject("Object Repository/Login_Sarirasa WebPOS/input_Password_inputPassword"), "Cg+cUiY7xQqTg1iegvaWgg=="): Text ****** has been set on object 'Object Repository/Login_Sarirasa WebPOS/input_Password_inputPassword'

30-07-2024T14:23:59 - [MESSAGE][PASSED] - Text ****** has been set on object 'Object Repository/Login_Sarirasa WebPOS/input_Password_inputPassword'

30-07-2024T14:23:59 - [TEST_STEP][PASSED] - click(findTestObject("Object Repository/Login_Sarirasa WebPOS/button_Login")): Object: 'Object Repository/Login_Sarirasa WebPOS/button_Login' is clicked on

30-07-2024T14:24:00 - [MESSAGE][PASSED] - Object: 'Object Repository/Login_Sarirasa WebPOS/button_Login' is clicked on

30-07-2024T14:24:00 - [TEST_STEP][PASSED] - selectOptionByValue(findTestObject("Login_Sarirasa WebPOS/2.User-Managerial/select_Tipe User Kasir 1Kasir 2Kasir 3Kasir_c131aa"), "kasir_1", true): All options with value 'kasir_1' are selected in object 'Object Repository/Login_Sarirasa WebPOS/2.User-Managerial/select_Tipe User Kasir 1Kasir 2Kasir 3Kasir_c131aa'  using regular expression

30-07-2024T14:24:01 - [MESSAGE][PASSED] - All options with value 'kasir_1' are selected in object 'Object Repository/Login_Sarirasa WebPOS/2.User-Managerial/select_Tipe User Kasir 1Kasir 2Kasir 3Kasir_c131aa'  using regular expression

30-07-2024T14:24:01 - [TEST_STEP][PASSED] - selectOptionByValue(findTestObject("Login_Sarirasa WebPOS/2.User-Managerial/select_Tipe User Kasir 1Kasir 2Kasir 3Kasir_c131aa"), "kasir_2", true): All options with value 'kasir_2' are selected in object 'Object Repository/Login_Sarirasa WebPOS/2.User-Managerial/select_Tipe User Kasir 1Kasir 2Kasir 3Kasir_c131aa'  using regular expression

30-07-2024T14:24:02 - [MESSAGE][PASSED] - All options with value 'kasir_2' are selected in object 'Object Repository/Login_Sarirasa WebPOS/2.User-Managerial/select_Tipe User Kasir 1Kasir 2Kasir 3Kasir_c131aa'  using regular expression

30-07-2024T14:24:02 - [TEST_STEP][PASSED] - selectOptionByValue(findTestObject("Login_Sarirasa WebPOS/2.User-Managerial/select_Tipe User Kasir 1Kasir 2Kasir 3Kasir_c131aa"), "kasir_3", true): All options with value 'kasir_3' are selected in object 'Object Repository/Login_Sarirasa WebPOS/2.User-Managerial/select_Tipe User Kasir 1Kasir 2Kasir 3Kasir_c131aa'  using regular expression

30-07-2024T14:24:03 - [MESSAGE][PASSED] - All options with value 'kasir_3' are selected in object 'Object Repository/Login_Sarirasa WebPOS/2.User-Managerial/select_Tipe User Kasir 1Kasir 2Kasir 3Kasir_c131aa'  using regular expression

30-07-2024T14:24:03 - [TEST_STEP][PASSED] - selectOptionByValue(findTestObject("Login_Sarirasa WebPOS/2.User-Managerial/select_Tipe User Kasir 1Kasir 2Kasir 3Kasir_c131aa"), "kasir_4", true): All options with value 'kasir_4' are selected in object 'Object Repository/Login_Sarirasa WebPOS/2.User-Managerial/select_Tipe User Kasir 1Kasir 2Kasir 3Kasir_c131aa'  using regular expression

30-07-2024T14:24:04 - [MESSAGE][PASSED] - All options with value 'kasir_4' are selected in object 'Object Repository/Login_Sarirasa WebPOS/2.User-Managerial/select_Tipe User Kasir 1Kasir 2Kasir 3Kasir_c131aa'  using regular expression

30-07-2024T14:24:04 - [TEST_STEP][PASSED] - selectOptionByValue(findTestObject("Login_Sarirasa WebPOS/2.User-Managerial/select_Tipe User Kasir 1Kasir 2Kasir 3Kasir_c131aa"), "spv", true): All options with value 'spv' are selected in object 'Object Repository/Login_Sarirasa WebPOS/2.User-Managerial/select_Tipe User Kasir 1Kasir 2Kasir 3Kasir_c131aa'  using regular expression

30-07-2024T14:24:05 - [MESSAGE][PASSED] - All options with value 'spv' are selected in object 'Object Repository/Login_Sarirasa WebPOS/2.User-Managerial/select_Tipe User Kasir 1Kasir 2Kasir 3Kasir_c131aa'  using regular expression

30-07-2024T14:24:05 - [TEST_STEP][PASSED] - selectOptionByValue(findTestObject("Login_Sarirasa WebPOS/3.Printer-Link Webposqc/select_Pilih Default PrinterPrinter HO (Gud_2b3e02"), "59", true): All options with value '59' are selected in object 'Object Repository/Login_Sarirasa WebPOS/3.Printer-Link Webposqc/select_Pilih Default PrinterPrinter HO (Gud_2b3e02'  using regular expression

30-07-2024T14:24:06 - [MESSAGE][PASSED] - All options with value '59' are selected in object 'Object Repository/Login_Sarirasa WebPOS/3.Printer-Link Webposqc/select_Pilih Default PrinterPrinter HO (Gud_2b3e02'  using regular expression

30-07-2024T14:24:06 - [TEST_STEP][PASSED] - selectOptionByValue(findTestObject("Login_Sarirasa WebPOS/3.Printer-Link Webposqc/select_Pilih Default PrinterPrinter HO (Gud_2b3e02"), "94", true): All options with value '94' are selected in object 'Object Repository/Login_Sarirasa WebPOS/3.Printer-Link Webposqc/select_Pilih Default PrinterPrinter HO (Gud_2b3e02'  using regular expression

30-07-2024T14:24:07 - [MESSAGE][PASSED] - All options with value '94' are selected in object 'Object Repository/Login_Sarirasa WebPOS/3.Printer-Link Webposqc/select_Pilih Default PrinterPrinter HO (Gud_2b3e02'  using regular expression

30-07-2024T14:24:07 - [TEST_STEP][PASSED] - selectOptionByValue(findTestObject("Login_Sarirasa WebPOS/3.Printer-Link Webposqc/select_Pilih Default PrinterPrinter HO (Gud_2b3e02"), "59", true): All options with value '59' are selected in object 'Object Repository/Login_Sarirasa WebPOS/3.Printer-Link Webposqc/select_Pilih Default PrinterPrinter HO (Gud_2b3e02'  using regular expression

30-07-2024T14:24:08 - [MESSAGE][PASSED] - All options with value '59' are selected in object 'Object Repository/Login_Sarirasa WebPOS/3.Printer-Link Webposqc/select_Pilih Default PrinterPrinter HO (Gud_2b3e02'  using regular expression

30-07-2024T14:24:08 - [TEST_STEP][PASSED] - click(findTestObject("Object Repository/Login_Sarirasa WebPOS/button_Simpan")): Object: 'Object Repository/Login_Sarirasa WebPOS/button_Simpan' is clicked on

30-07-2024T14:24:08 - [MESSAGE][PASSED] - Object: 'Object Repository/Login_Sarirasa WebPOS/button_Simpan' is clicked on

30-07-2024T14:24:08 - [TEST_STEP][PASSED] - click(findTestObject("Login_Sarirasa WebPOS/button_Batal")): Object: 'Object Repository/Login_Sarirasa WebPOS/button_Batal' is clicked on

30-07-2024T14:24:09 - [MESSAGE][PASSED] - Object: 'Object Repository/Login_Sarirasa WebPOS/button_Batal' is clicked on

30-07-2024T14:24:09 - [TEST_STEP][PASSED] - click(findTestObject("Login_Sarirasa WebPOS/button_Simpan")): Object: 'Object Repository/Login_Sarirasa WebPOS/button_Simpan' is clicked on

30-07-2024T14:24:10 - [MESSAGE][PASSED] - Object: 'Object Repository/Login_Sarirasa WebPOS/button_Simpan' is clicked on

30-07-2024T14:24:10 - [TEST_STEP][PASSED] - click(findTestObject("Object Repository/Login_Sarirasa WebPOS/button_OK")): Object: 'Object Repository/Login_Sarirasa WebPOS/button_OK' is clicked on

30-07-2024T14:24:11 - [MESSAGE][PASSED] - Object: 'Object Repository/Login_Sarirasa WebPOS/button_OK' is clicked on

30-07-2024T14:24:11 - [TEST_STEP][PASSED] - scrollToElement(findTestObject("Menu Opening-Closing/div_OPENING  CLOSING  ORDER  SOON"), 3): Scroll to object 'Object Repository/Menu Opening-Closing/div_OPENING  CLOSING  ORDER  SOON' successfully

30-07-2024T14:24:14 - [MESSAGE][PASSED] - Scroll to object 'Object Repository/Menu Opening-Closing/div_OPENING  CLOSING  ORDER  SOON' successfully

30-07-2024T14:24:14 - [TEST_STEP][PASSED] - delay(2): Delayed 2 second(s)

30-07-2024T14:24:16 - [MESSAGE][PASSED] - Delayed 2 second(s)]]></system-out>
         <system-err><![CDATA[]]></system-err>
      </testcase>
      <testcase name="Test Cases/02. Login managerial - managerial" time="14.85" classname="Test Cases/02. Login managerial - managerial" status="PASSED">
         <system-out><![CDATA[30-07-2024T14:24:16 - [TEST_CASE][PASSED] - Test Cases/02. Login managerial - managerial: Test Cases/02. Login managerial - managerial

30-07-2024T14:24:16 - [TEST_STEP][PASSED] - openBrowser(""): Browser is opened with url: ''

30-07-2024T14:24:16 - [MESSAGE][WARNING] - A browser is already opened. Closing browser and opening a new one

30-07-2024T14:24:17 - [MESSAGE][INFO] - Starting 'Chrome' driver

30-07-2024T14:24:17 - [MESSAGE][INFO] - Action delay is set to 0 milliseconds

30-07-2024T14:24:18 - [MESSAGE][PASSED] - Browser is opened with url: ''

30-07-2024T14:24:18 - [TEST_STEP][PASSED] - navigateToUrl("https://webposqc.missarirasa.com/login"): Navigate to 'https://webposqc.missarirasa.com/login' successfully

30-07-2024T14:24:21 - [MESSAGE][PASSED] - Navigate to 'https://webposqc.missarirasa.com/login' successfully

30-07-2024T14:24:21 - [TEST_STEP][PASSED] - maximizeWindow(): Current window maximized

30-07-2024T14:24:21 - [MESSAGE][PASSED] - Current window maximized

30-07-2024T14:24:21 - [TEST_STEP][PASSED] - click(findTestObject("Object Repository/Login_Sarirasa WebPOS/input_ID Sarirasa_inputNIK")): Object: 'Object Repository/Login_Sarirasa WebPOS/input_ID Sarirasa_inputNIK' is clicked on

30-07-2024T14:24:22 - [MESSAGE][PASSED] - Object: 'Object Repository/Login_Sarirasa WebPOS/input_ID Sarirasa_inputNIK' is clicked on

30-07-2024T14:24:22 - [TEST_STEP][PASSED] - setText(findTestObject("Object Repository/Login_Sarirasa WebPOS/input_ID Sarirasa_inputNIK"), "54760"): Text '54760' is set on object 'Object Repository/Login_Sarirasa WebPOS/input_ID Sarirasa_inputNIK'

30-07-2024T14:24:23 - [MESSAGE][PASSED] - Text '54760' is set on object 'Object Repository/Login_Sarirasa WebPOS/input_ID Sarirasa_inputNIK'

30-07-2024T14:24:23 - [TEST_STEP][PASSED] - setEncryptedText(findTestObject("Object Repository/Login_Sarirasa WebPOS/input_Password_inputPassword"), "Cg+cUiY7xQqTg1iegvaWgg=="): Text ****** has been set on object 'Object Repository/Login_Sarirasa WebPOS/input_Password_inputPassword'

30-07-2024T14:24:23 - [MESSAGE][PASSED] - Text ****** has been set on object 'Object Repository/Login_Sarirasa WebPOS/input_Password_inputPassword'

30-07-2024T14:24:23 - [TEST_STEP][PASSED] - click(findTestObject("Object Repository/Login_Sarirasa WebPOS/button_Login")): Object: 'Object Repository/Login_Sarirasa WebPOS/button_Login' is clicked on

30-07-2024T14:24:23 - [MESSAGE][PASSED] - Object: 'Object Repository/Login_Sarirasa WebPOS/button_Login' is clicked on

30-07-2024T14:24:23 - [TEST_STEP][PASSED] - selectOptionByValue(findTestObject("Object Repository/Login_Sarirasa WebPOS/select_Tipe User Kasir 1Kasir 2Kasir 3Kasir_c131aa"), "spv", true): All options with value 'spv' are selected in object 'Object Repository/Login_Sarirasa WebPOS/select_Tipe User Kasir 1Kasir 2Kasir 3Kasir_c131aa'  using regular expression

30-07-2024T14:24:25 - [MESSAGE][PASSED] - All options with value 'spv' are selected in object 'Object Repository/Login_Sarirasa WebPOS/select_Tipe User Kasir 1Kasir 2Kasir 3Kasir_c131aa'  using regular expression

30-07-2024T14:24:25 - [TEST_STEP][PASSED] - selectOptionByValue(findTestObject("Object Repository/Login_Sarirasa WebPOS/select_Pilih Default PrinterPrinter HO (Gud_45e032"), "59", true): All options with value '59' are selected in object 'Object Repository/Login_Sarirasa WebPOS/select_Pilih Default PrinterPrinter HO (Gud_45e032'  using regular expression

30-07-2024T14:24:26 - [MESSAGE][PASSED] - All options with value '59' are selected in object 'Object Repository/Login_Sarirasa WebPOS/select_Pilih Default PrinterPrinter HO (Gud_45e032'  using regular expression

30-07-2024T14:24:26 - [TEST_STEP][PASSED] - click(findTestObject("Object Repository/Login_Sarirasa WebPOS/button_Simpan")): Object: 'Object Repository/Login_Sarirasa WebPOS/button_Simpan' is clicked on

30-07-2024T14:24:26 - [MESSAGE][PASSED] - Object: 'Object Repository/Login_Sarirasa WebPOS/button_Simpan' is clicked on

30-07-2024T14:24:26 - [TEST_STEP][PASSED] - click(findTestObject("Object Repository/Login_Sarirasa WebPOS/button_OK")): Object: 'Object Repository/Login_Sarirasa WebPOS/button_OK' is clicked on

30-07-2024T14:24:27 - [MESSAGE][PASSED] - Object: 'Object Repository/Login_Sarirasa WebPOS/button_OK' is clicked on

30-07-2024T14:24:27 - [TEST_STEP][PASSED] - scrollToElement(findTestObject("Menu Opening-Closing/div_OPENING  CLOSING  ORDER  SOON"), 3): Scroll to object 'Object Repository/Menu Opening-Closing/div_OPENING  CLOSING  ORDER  SOON' successfully

30-07-2024T14:24:30 - [MESSAGE][PASSED] - Scroll to object 'Object Repository/Menu Opening-Closing/div_OPENING  CLOSING  ORDER  SOON' successfully

30-07-2024T14:24:30 - [TEST_STEP][PASSED] - click(findTestObject("Login_Sarirasa WebPOS/span_LOGOUT")): Object: 'Object Repository/Login_Sarirasa WebPOS/span_LOGOUT' is clicked on

30-07-2024T14:24:31 - [MESSAGE][PASSED] - Object: 'Object Repository/Login_Sarirasa WebPOS/span_LOGOUT' is clicked on]]></system-out>
         <system-err><![CDATA[]]></system-err>
      </testcase>
      <testcase name="Test Cases/03. Login managerial - kasir" time="17.49" classname="Test Cases/03. Login managerial - kasir" status="PASSED">
         <system-out><![CDATA[30-07-2024T14:24:31 - [TEST_CASE][PASSED] - Test Cases/03. Login managerial - kasir: Test Cases/03. Login managerial - kasir

30-07-2024T14:24:31 - [TEST_STEP][PASSED] - openBrowser(""): Browser is opened with url: ''

30-07-2024T14:24:31 - [MESSAGE][WARNING] - A browser is already opened. Closing browser and opening a new one

30-07-2024T14:24:31 - [MESSAGE][INFO] - Starting 'Chrome' driver

30-07-2024T14:24:31 - [MESSAGE][INFO] - Action delay is set to 0 milliseconds

30-07-2024T14:24:33 - [MESSAGE][PASSED] - Browser is opened with url: ''

30-07-2024T14:24:33 - [TEST_STEP][PASSED] - navigateToUrl("https://webposqc.missarirasa.com/login"): Navigate to 'https://webposqc.missarirasa.com/login' successfully

30-07-2024T14:24:36 - [MESSAGE][PASSED] - Navigate to 'https://webposqc.missarirasa.com/login' successfully

30-07-2024T14:24:36 - [TEST_STEP][PASSED] - maximizeWindow(): Current window maximized

30-07-2024T14:24:36 - [MESSAGE][PASSED] - Current window maximized

30-07-2024T14:24:36 - [TEST_STEP][PASSED] - click(findTestObject("Object Repository/Login_Sarirasa WebPOS/input_ID Sarirasa_inputNIK")): Object: 'Object Repository/Login_Sarirasa WebPOS/input_ID Sarirasa_inputNIK' is clicked on

30-07-2024T14:24:37 - [MESSAGE][PASSED] - Object: 'Object Repository/Login_Sarirasa WebPOS/input_ID Sarirasa_inputNIK' is clicked on

30-07-2024T14:24:37 - [TEST_STEP][PASSED] - setText(findTestObject("Object Repository/Login_Sarirasa WebPOS/input_ID Sarirasa_inputNIK"), "54760"): Text '54760' is set on object 'Object Repository/Login_Sarirasa WebPOS/input_ID Sarirasa_inputNIK'

30-07-2024T14:24:38 - [MESSAGE][PASSED] - Text '54760' is set on object 'Object Repository/Login_Sarirasa WebPOS/input_ID Sarirasa_inputNIK'

30-07-2024T14:24:38 - [TEST_STEP][PASSED] - setEncryptedText(findTestObject("Object Repository/Login_Sarirasa WebPOS/input_Password_inputPassword"), "Cg+cUiY7xQqTg1iegvaWgg=="): Text ****** has been set on object 'Object Repository/Login_Sarirasa WebPOS/input_Password_inputPassword'

30-07-2024T14:24:38 - [MESSAGE][PASSED] - Text ****** has been set on object 'Object Repository/Login_Sarirasa WebPOS/input_Password_inputPassword'

30-07-2024T14:24:38 - [TEST_STEP][PASSED] - click(findTestObject("Object Repository/Login_Sarirasa WebPOS/button_Login")): Object: 'Object Repository/Login_Sarirasa WebPOS/button_Login' is clicked on

30-07-2024T14:24:38 - [MESSAGE][PASSED] - Object: 'Object Repository/Login_Sarirasa WebPOS/button_Login' is clicked on

30-07-2024T14:24:38 - [TEST_STEP][PASSED] - selectOptionByValue(findTestObject("Object Repository/Login_Sarirasa WebPOS/select_Tipe User Kasir 1Kasir 2Kasir 3Kasir_c131aa"), "kasir_4", true): All options with value 'kasir_4' are selected in object 'Object Repository/Login_Sarirasa WebPOS/select_Tipe User Kasir 1Kasir 2Kasir 3Kasir_c131aa'  using regular expression

30-07-2024T14:24:40 - [MESSAGE][PASSED] - All options with value 'kasir_4' are selected in object 'Object Repository/Login_Sarirasa WebPOS/select_Tipe User Kasir 1Kasir 2Kasir 3Kasir_c131aa'  using regular expression

30-07-2024T14:24:40 - [TEST_STEP][PASSED] - selectOptionByValue(findTestObject("Login_Sarirasa WebPOS/3.Printer-Link Webposqc/select_Pilih Default PrinterPrinter HO (Gud_2b3e02"), "59", true): All options with value '59' are selected in object 'Object Repository/Login_Sarirasa WebPOS/3.Printer-Link Webposqc/select_Pilih Default PrinterPrinter HO (Gud_2b3e02'  using regular expression

30-07-2024T14:24:41 - [MESSAGE][PASSED] - All options with value '59' are selected in object 'Object Repository/Login_Sarirasa WebPOS/3.Printer-Link Webposqc/select_Pilih Default PrinterPrinter HO (Gud_2b3e02'  using regular expression

30-07-2024T14:24:41 - [TEST_STEP][PASSED] - click(findTestObject("Login_Sarirasa WebPOS/button_Simpan")): Object: 'Object Repository/Login_Sarirasa WebPOS/button_Simpan' is clicked on

30-07-2024T14:24:41 - [MESSAGE][PASSED] - Object: 'Object Repository/Login_Sarirasa WebPOS/button_Simpan' is clicked on

30-07-2024T14:24:41 - [TEST_STEP][PASSED] - click(findTestObject("Login_Sarirasa WebPOS/button_OK")): Object: 'Object Repository/Login_Sarirasa WebPOS/button_OK' is clicked on

30-07-2024T14:24:42 - [MESSAGE][PASSED] - Object: 'Object Repository/Login_Sarirasa WebPOS/button_OK' is clicked on

30-07-2024T14:24:42 - [TEST_STEP][PASSED] - scrollToElement(findTestObject("Menu Opening-Closing/div_OPENING  CLOSING  ORDER  SOON"), 3): Scroll to object 'Object Repository/Menu Opening-Closing/div_OPENING  CLOSING  ORDER  SOON' successfully

30-07-2024T14:24:45 - [MESSAGE][PASSED] - Scroll to object 'Object Repository/Menu Opening-Closing/div_OPENING  CLOSING  ORDER  SOON' successfully

30-07-2024T14:24:45 - [TEST_STEP][PASSED] - delay(3): Delayed 3 second(s)

30-07-2024T14:24:48 - [MESSAGE][PASSED] - Delayed 3 second(s)]]></system-out>
         <system-err><![CDATA[]]></system-err>
      </testcase>
      <testcase name="Test Cases/04. Login - logout - kasir A - kasir 1" time="26.313" classname="Test Cases/04. Login - logout - kasir A - kasir 1" status="PASSED">
         <system-out><![CDATA[30-07-2024T14:24:48 - [TEST_CASE][PASSED] - Test Cases/04. Login - logout - kasir A - kasir 1: Test Cases/04. Login - logout - kasir A - kasir 1

30-07-2024T14:24:48 - [TEST_STEP][PASSED] - openBrowser(""): Browser is opened with url: ''

30-07-2024T14:24:48 - [MESSAGE][WARNING] - A browser is already opened. Closing browser and opening a new one

30-07-2024T14:24:49 - [MESSAGE][INFO] - Starting 'Chrome' driver

30-07-2024T14:24:49 - [MESSAGE][INFO] - Action delay is set to 0 milliseconds

30-07-2024T14:24:50 - [MESSAGE][PASSED] - Browser is opened with url: ''

30-07-2024T14:24:50 - [TEST_STEP][PASSED] - navigateToUrl("https://webposqc.missarirasa.com/login"): Navigate to 'https://webposqc.missarirasa.com/login' successfully

30-07-2024T14:24:50 - [MESSAGE][PASSED] - Navigate to 'https://webposqc.missarirasa.com/login' successfully

30-07-2024T14:24:50 - [TEST_STEP][PASSED] - maximizeWindow(): Current window maximized

30-07-2024T14:24:54 - [MESSAGE][PASSED] - Current window maximized

30-07-2024T14:24:54 - [TEST_STEP][PASSED] - click(findTestObject("Object Repository/Login_Sarirasa WebPOS/input_ID Sarirasa_inputNIK")): Object: 'Object Repository/Login_Sarirasa WebPOS/input_ID Sarirasa_inputNIK' is clicked on

30-07-2024T14:24:54 - [MESSAGE][PASSED] - Object: 'Object Repository/Login_Sarirasa WebPOS/input_ID Sarirasa_inputNIK' is clicked on

30-07-2024T14:24:54 - [TEST_STEP][PASSED] - setText(findTestObject("Object Repository/Login_Sarirasa WebPOS/input_ID Sarirasa_inputNIK"), "61653"): Text '61653' is set on object 'Object Repository/Login_Sarirasa WebPOS/input_ID Sarirasa_inputNIK'

30-07-2024T14:24:55 - [MESSAGE][PASSED] - Text '61653' is set on object 'Object Repository/Login_Sarirasa WebPOS/input_ID Sarirasa_inputNIK'

30-07-2024T14:24:55 - [TEST_STEP][PASSED] - setEncryptedText(findTestObject("Object Repository/Login_Sarirasa WebPOS/input_Password_inputPassword"), "Cg+cUiY7xQqTg1iegvaWgg=="): Text ****** has been set on object 'Object Repository/Login_Sarirasa WebPOS/input_Password_inputPassword'

30-07-2024T14:24:55 - [MESSAGE][PASSED] - Text ****** has been set on object 'Object Repository/Login_Sarirasa WebPOS/input_Password_inputPassword'

30-07-2024T14:24:55 - [TEST_STEP][PASSED] - click(findTestObject("Object Repository/Login_Sarirasa WebPOS/button_Login")): Object: 'Object Repository/Login_Sarirasa WebPOS/button_Login' is clicked on

30-07-2024T14:24:55 - [MESSAGE][PASSED] - Object: 'Object Repository/Login_Sarirasa WebPOS/button_Login' is clicked on

30-07-2024T14:24:55 - [TEST_STEP][PASSED] - selectOptionByValue(findTestObject("Object Repository/Login_Sarirasa WebPOS/select_Tipe User Kasir 1Kasir 2Kasir 3Kasir_c131aa"), "kasir_1", true): All options with value 'kasir_1' are selected in object 'Object Repository/Login_Sarirasa WebPOS/select_Tipe User Kasir 1Kasir 2Kasir 3Kasir_c131aa'  using regular expression

30-07-2024T14:24:57 - [MESSAGE][PASSED] - All options with value 'kasir_1' are selected in object 'Object Repository/Login_Sarirasa WebPOS/select_Tipe User Kasir 1Kasir 2Kasir 3Kasir_c131aa'  using regular expression

30-07-2024T14:24:57 - [TEST_STEP][PASSED] - selectOptionByValue(findTestObject("Object Repository/Login_Sarirasa WebPOS/select_Tipe User Kasir 1Kasir 2Kasir 3Kasir_c131aa"), "kasir_2", true): All options with value 'kasir_2' are selected in object 'Object Repository/Login_Sarirasa WebPOS/select_Tipe User Kasir 1Kasir 2Kasir 3Kasir_c131aa'  using regular expression

30-07-2024T14:24:58 - [MESSAGE][PASSED] - All options with value 'kasir_2' are selected in object 'Object Repository/Login_Sarirasa WebPOS/select_Tipe User Kasir 1Kasir 2Kasir 3Kasir_c131aa'  using regular expression

30-07-2024T14:24:58 - [TEST_STEP][PASSED] - selectOptionByValue(findTestObject("Object Repository/Login_Sarirasa WebPOS/select_Tipe User Kasir 1Kasir 2Kasir 3Kasir_c131aa"), "kasir_3", true): All options with value 'kasir_3' are selected in object 'Object Repository/Login_Sarirasa WebPOS/select_Tipe User Kasir 1Kasir 2Kasir 3Kasir_c131aa'  using regular expression

30-07-2024T14:24:59 - [MESSAGE][PASSED] - All options with value 'kasir_3' are selected in object 'Object Repository/Login_Sarirasa WebPOS/select_Tipe User Kasir 1Kasir 2Kasir 3Kasir_c131aa'  using regular expression

30-07-2024T14:24:59 - [TEST_STEP][PASSED] - selectOptionByValue(findTestObject("Object Repository/Login_Sarirasa WebPOS/select_Tipe User Kasir 1Kasir 2Kasir 3Kasir_c131aa"), "kasir_4", true): All options with value 'kasir_4' are selected in object 'Object Repository/Login_Sarirasa WebPOS/select_Tipe User Kasir 1Kasir 2Kasir 3Kasir_c131aa'  using regular expression

30-07-2024T14:25:00 - [MESSAGE][PASSED] - All options with value 'kasir_4' are selected in object 'Object Repository/Login_Sarirasa WebPOS/select_Tipe User Kasir 1Kasir 2Kasir 3Kasir_c131aa'  using regular expression

30-07-2024T14:25:00 - [TEST_STEP][PASSED] - selectOptionByValue(findTestObject("Object Repository/Login_Sarirasa WebPOS/select_Tipe User Kasir 1Kasir 2Kasir 3Kasir_c131aa"), "kasir_1", true): All options with value 'kasir_1' are selected in object 'Object Repository/Login_Sarirasa WebPOS/select_Tipe User Kasir 1Kasir 2Kasir 3Kasir_c131aa'  using regular expression

30-07-2024T14:25:01 - [MESSAGE][PASSED] - All options with value 'kasir_1' are selected in object 'Object Repository/Login_Sarirasa WebPOS/select_Tipe User Kasir 1Kasir 2Kasir 3Kasir_c131aa'  using regular expression

30-07-2024T14:25:01 - [TEST_STEP][PASSED] - selectOptionByValue(findTestObject("Login_Sarirasa WebPOS/3.Printer-Link Webposqc/select_Pilih Default PrinterPrinter HO (Gud_2b3e02"), "59", true): All options with value '59' are selected in object 'Object Repository/Login_Sarirasa WebPOS/3.Printer-Link Webposqc/select_Pilih Default PrinterPrinter HO (Gud_2b3e02'  using regular expression

30-07-2024T14:25:02 - [MESSAGE][PASSED] - All options with value '59' are selected in object 'Object Repository/Login_Sarirasa WebPOS/3.Printer-Link Webposqc/select_Pilih Default PrinterPrinter HO (Gud_2b3e02'  using regular expression

30-07-2024T14:25:02 - [TEST_STEP][PASSED] - selectOptionByValue(findTestObject("Login_Sarirasa WebPOS/3.Printer-Link Webposqc/select_Pilih Default PrinterPrinter HO (Gud_2b3e02"), "94", true): All options with value '94' are selected in object 'Object Repository/Login_Sarirasa WebPOS/3.Printer-Link Webposqc/select_Pilih Default PrinterPrinter HO (Gud_2b3e02'  using regular expression

30-07-2024T14:25:03 - [MESSAGE][PASSED] - All options with value '94' are selected in object 'Object Repository/Login_Sarirasa WebPOS/3.Printer-Link Webposqc/select_Pilih Default PrinterPrinter HO (Gud_2b3e02'  using regular expression

30-07-2024T14:25:03 - [TEST_STEP][PASSED] - selectOptionByValue(findTestObject("Login_Sarirasa WebPOS/3.Printer-Link Webposqc/select_Pilih Default PrinterPrinter HO (Gud_2b3e02"), "59", true): All options with value '59' are selected in object 'Object Repository/Login_Sarirasa WebPOS/3.Printer-Link Webposqc/select_Pilih Default PrinterPrinter HO (Gud_2b3e02'  using regular expression

30-07-2024T14:25:04 - [MESSAGE][PASSED] - All options with value '59' are selected in object 'Object Repository/Login_Sarirasa WebPOS/3.Printer-Link Webposqc/select_Pilih Default PrinterPrinter HO (Gud_2b3e02'  using regular expression

30-07-2024T14:25:04 - [TEST_STEP][PASSED] - click(findTestObject("Login_Sarirasa WebPOS/button_Simpan")): Object: 'Object Repository/Login_Sarirasa WebPOS/button_Simpan' is clicked on

30-07-2024T14:25:04 - [MESSAGE][PASSED] - Object: 'Object Repository/Login_Sarirasa WebPOS/button_Simpan' is clicked on

30-07-2024T14:25:04 - [TEST_STEP][PASSED] - click(findTestObject("Login_Sarirasa WebPOS/button_Batal")): Object: 'Object Repository/Login_Sarirasa WebPOS/button_Batal' is clicked on

30-07-2024T14:25:05 - [MESSAGE][PASSED] - Object: 'Object Repository/Login_Sarirasa WebPOS/button_Batal' is clicked on

30-07-2024T14:25:05 - [TEST_STEP][PASSED] - click(findTestObject("Login_Sarirasa WebPOS/button_Simpan")): Object: 'Object Repository/Login_Sarirasa WebPOS/button_Simpan' is clicked on

30-07-2024T14:25:08 - [MESSAGE][PASSED] - Object: 'Object Repository/Login_Sarirasa WebPOS/button_Simpan' is clicked on

30-07-2024T14:25:08 - [TEST_STEP][PASSED] - click(findTestObject("Login_Sarirasa WebPOS/button_OK")): Object: 'Object Repository/Login_Sarirasa WebPOS/button_OK' is clicked on

30-07-2024T14:25:08 - [MESSAGE][PASSED] - Object: 'Object Repository/Login_Sarirasa WebPOS/button_OK' is clicked on

30-07-2024T14:25:08 - [TEST_STEP][PASSED] - delay(3): Delayed 3 second(s)

30-07-2024T14:25:11 - [MESSAGE][PASSED] - Delayed 3 second(s)

30-07-2024T14:25:11 - [TEST_STEP][PASSED] - click(findTestObject("Login_Sarirasa WebPOS/span_LOGOUT")): Object: 'Object Repository/Login_Sarirasa WebPOS/span_LOGOUT' is clicked on

30-07-2024T14:25:12 - [MESSAGE][PASSED] - Object: 'Object Repository/Login_Sarirasa WebPOS/span_LOGOUT' is clicked on

30-07-2024T14:25:12 - [TEST_STEP][PASSED] - delay(3): Delayed 3 second(s)

30-07-2024T14:25:15 - [MESSAGE][PASSED] - Delayed 3 second(s)]]></system-out>
         <system-err><![CDATA[]]></system-err>
      </testcase>
      <testcase name="Test Cases/05. Login kasir A - kasir 1" time="15.828" classname="Test Cases/05. Login kasir A - kasir 1" status="PASSED">
         <system-out><![CDATA[30-07-2024T14:25:15 - [TEST_CASE][PASSED] - Test Cases/05. Login kasir A - kasir 1: Test Cases/05. Login kasir A - kasir 1

30-07-2024T14:25:15 - [TEST_STEP][PASSED] - openBrowser(""): Browser is opened with url: ''

30-07-2024T14:25:15 - [MESSAGE][WARNING] - A browser is already opened. Closing browser and opening a new one

30-07-2024T14:25:15 - [MESSAGE][INFO] - Starting 'Chrome' driver

30-07-2024T14:25:15 - [MESSAGE][INFO] - Action delay is set to 0 milliseconds

30-07-2024T14:25:17 - [MESSAGE][PASSED] - Browser is opened with url: ''

30-07-2024T14:25:17 - [TEST_STEP][PASSED] - navigateToUrl("https://webposqc.missarirasa.com/login"): Navigate to 'https://webposqc.missarirasa.com/login' successfully

30-07-2024T14:25:20 - [MESSAGE][PASSED] - Navigate to 'https://webposqc.missarirasa.com/login' successfully

30-07-2024T14:25:20 - [TEST_STEP][PASSED] - maximizeWindow(): Current window maximized

30-07-2024T14:25:20 - [MESSAGE][PASSED] - Current window maximized

30-07-2024T14:25:20 - [TEST_STEP][PASSED] - click(findTestObject("Object Repository/Login_Sarirasa WebPOS/input_ID Sarirasa_inputNIK")): Object: 'Object Repository/Login_Sarirasa WebPOS/input_ID Sarirasa_inputNIK' is clicked on

30-07-2024T14:25:21 - [MESSAGE][PASSED] - Object: 'Object Repository/Login_Sarirasa WebPOS/input_ID Sarirasa_inputNIK' is clicked on

30-07-2024T14:25:21 - [TEST_STEP][PASSED] - setText(findTestObject("Object Repository/Login_Sarirasa WebPOS/input_ID Sarirasa_inputNIK"), "61653"): Text '61653' is set on object 'Object Repository/Login_Sarirasa WebPOS/input_ID Sarirasa_inputNIK'

30-07-2024T14:25:21 - [MESSAGE][PASSED] - Text '61653' is set on object 'Object Repository/Login_Sarirasa WebPOS/input_ID Sarirasa_inputNIK'

30-07-2024T14:25:21 - [TEST_STEP][PASSED] - setEncryptedText(findTestObject("Object Repository/Login_Sarirasa WebPOS/input_Password_inputPassword"), "Cg+cUiY7xQqTg1iegvaWgg=="): Text ****** has been set on object 'Object Repository/Login_Sarirasa WebPOS/input_Password_inputPassword'

30-07-2024T14:25:22 - [MESSAGE][PASSED] - Text ****** has been set on object 'Object Repository/Login_Sarirasa WebPOS/input_Password_inputPassword'

30-07-2024T14:25:22 - [TEST_STEP][PASSED] - click(findTestObject("Object Repository/Login_Sarirasa WebPOS/button_Login")): Object: 'Object Repository/Login_Sarirasa WebPOS/button_Login' is clicked on

30-07-2024T14:25:22 - [MESSAGE][PASSED] - Object: 'Object Repository/Login_Sarirasa WebPOS/button_Login' is clicked on

30-07-2024T14:25:22 - [TEST_STEP][PASSED] - selectOptionByValue(findTestObject("Object Repository/Login_Sarirasa WebPOS/select_Tipe User Kasir 1Kasir 2Kasir 3Kasir_c131aa"), "kasir_1", true): All options with value 'kasir_1' are selected in object 'Object Repository/Login_Sarirasa WebPOS/select_Tipe User Kasir 1Kasir 2Kasir 3Kasir_c131aa'  using regular expression

30-07-2024T14:25:24 - [MESSAGE][PASSED] - All options with value 'kasir_1' are selected in object 'Object Repository/Login_Sarirasa WebPOS/select_Tipe User Kasir 1Kasir 2Kasir 3Kasir_c131aa'  using regular expression

30-07-2024T14:25:24 - [TEST_STEP][PASSED] - selectOptionByValue(findTestObject("Object Repository/Login_Sarirasa WebPOS/select_Pilih Default PrinterPrinter HO (Gud_45e032"), "59", true): All options with value '59' are selected in object 'Object Repository/Login_Sarirasa WebPOS/select_Pilih Default PrinterPrinter HO (Gud_45e032'  using regular expression

30-07-2024T14:25:25 - [MESSAGE][PASSED] - All options with value '59' are selected in object 'Object Repository/Login_Sarirasa WebPOS/select_Pilih Default PrinterPrinter HO (Gud_45e032'  using regular expression

30-07-2024T14:25:25 - [TEST_STEP][PASSED] - click(findTestObject("Object Repository/Login_Sarirasa WebPOS/button_Simpan")): Object: 'Object Repository/Login_Sarirasa WebPOS/button_Simpan' is clicked on

30-07-2024T14:25:25 - [MESSAGE][PASSED] - Object: 'Object Repository/Login_Sarirasa WebPOS/button_Simpan' is clicked on

30-07-2024T14:25:25 - [TEST_STEP][PASSED] - click(findTestObject("Object Repository/Login_Sarirasa WebPOS/button_OK")): Object: 'Object Repository/Login_Sarirasa WebPOS/button_OK' is clicked on

30-07-2024T14:25:25 - [MESSAGE][PASSED] - Object: 'Object Repository/Login_Sarirasa WebPOS/button_OK' is clicked on

30-07-2024T14:25:25 - [TEST_STEP][PASSED] - delay(5): Delayed 5 second(s)

30-07-2024T14:25:30 - [MESSAGE][PASSED] - Delayed 5 second(s)]]></system-out>
         <system-err><![CDATA[]]></system-err>
      </testcase>
      <testcase name="Test Cases/06. Login - logout - kasir B - kasir 3" time="25.7" classname="Test Cases/06. Login - logout - kasir B - kasir 3" status="PASSED">
         <system-out><![CDATA[30-07-2024T14:25:30 - [TEST_CASE][PASSED] - Test Cases/06. Login - logout - kasir B - kasir 3: Test Cases/06. Login - logout - kasir B - kasir 3

30-07-2024T14:25:31 - [TEST_STEP][PASSED] - openBrowser(""): Browser is opened with url: ''

30-07-2024T14:25:31 - [MESSAGE][WARNING] - A browser is already opened. Closing browser and opening a new one

30-07-2024T14:25:32 - [MESSAGE][INFO] - Starting 'Chrome' driver

30-07-2024T14:25:32 - [MESSAGE][INFO] - Action delay is set to 0 milliseconds

30-07-2024T14:25:33 - [MESSAGE][PASSED] - Browser is opened with url: ''

30-07-2024T14:25:33 - [TEST_STEP][PASSED] - navigateToUrl("https://webposqc.missarirasa.com/login"): Navigate to 'https://webposqc.missarirasa.com/login' successfully

30-07-2024T14:25:37 - [MESSAGE][PASSED] - Navigate to 'https://webposqc.missarirasa.com/login' successfully

30-07-2024T14:25:37 - [TEST_STEP][PASSED] - maximizeWindow(): Current window maximized

30-07-2024T14:25:37 - [MESSAGE][PASSED] - Current window maximized

30-07-2024T14:25:37 - [TEST_STEP][PASSED] - click(findTestObject("Object Repository/Login_Sarirasa WebPOS/input_ID Sarirasa_inputNIK")): Object: 'Object Repository/Login_Sarirasa WebPOS/input_ID Sarirasa_inputNIK' is clicked on

30-07-2024T14:25:37 - [MESSAGE][PASSED] - Object: 'Object Repository/Login_Sarirasa WebPOS/input_ID Sarirasa_inputNIK' is clicked on

30-07-2024T14:25:37 - [TEST_STEP][PASSED] - setText(findTestObject("Object Repository/Login_Sarirasa WebPOS/input_ID Sarirasa_inputNIK"), "58035"): Text '58035' is set on object 'Object Repository/Login_Sarirasa WebPOS/input_ID Sarirasa_inputNIK'

30-07-2024T14:25:38 - [MESSAGE][PASSED] - Text '58035' is set on object 'Object Repository/Login_Sarirasa WebPOS/input_ID Sarirasa_inputNIK'

30-07-2024T14:25:38 - [TEST_STEP][PASSED] - setEncryptedText(findTestObject("Object Repository/Login_Sarirasa WebPOS/input_Password_inputPassword"), "Cg+cUiY7xQqTg1iegvaWgg=="): Text ****** has been set on object 'Object Repository/Login_Sarirasa WebPOS/input_Password_inputPassword'

30-07-2024T14:25:38 - [MESSAGE][PASSED] - Text ****** has been set on object 'Object Repository/Login_Sarirasa WebPOS/input_Password_inputPassword'

30-07-2024T14:25:38 - [TEST_STEP][PASSED] - click(findTestObject("Object Repository/Login_Sarirasa WebPOS/button_Login")): Object: 'Object Repository/Login_Sarirasa WebPOS/button_Login' is clicked on

30-07-2024T14:25:39 - [MESSAGE][PASSED] - Object: 'Object Repository/Login_Sarirasa WebPOS/button_Login' is clicked on

30-07-2024T14:25:39 - [TEST_STEP][PASSED] - selectOptionByValue(findTestObject("Object Repository/Login_Sarirasa WebPOS/select_Tipe User Kasir 1Kasir 2Kasir 3Kasir_c131aa"), "kasir_1", true): All options with value 'kasir_1' are selected in object 'Object Repository/Login_Sarirasa WebPOS/select_Tipe User Kasir 1Kasir 2Kasir 3Kasir_c131aa'  using regular expression

30-07-2024T14:25:40 - [MESSAGE][PASSED] - All options with value 'kasir_1' are selected in object 'Object Repository/Login_Sarirasa WebPOS/select_Tipe User Kasir 1Kasir 2Kasir 3Kasir_c131aa'  using regular expression

30-07-2024T14:25:40 - [TEST_STEP][PASSED] - selectOptionByValue(findTestObject("Object Repository/Login_Sarirasa WebPOS/select_Tipe User Kasir 1Kasir 2Kasir 3Kasir_c131aa"), "kasir_2", true): All options with value 'kasir_2' are selected in object 'Object Repository/Login_Sarirasa WebPOS/select_Tipe User Kasir 1Kasir 2Kasir 3Kasir_c131aa'  using regular expression

30-07-2024T14:25:41 - [MESSAGE][PASSED] - All options with value 'kasir_2' are selected in object 'Object Repository/Login_Sarirasa WebPOS/select_Tipe User Kasir 1Kasir 2Kasir 3Kasir_c131aa'  using regular expression

30-07-2024T14:25:41 - [TEST_STEP][PASSED] - selectOptionByValue(findTestObject("Object Repository/Login_Sarirasa WebPOS/select_Tipe User Kasir 1Kasir 2Kasir 3Kasir_c131aa"), "kasir_3", true): All options with value 'kasir_3' are selected in object 'Object Repository/Login_Sarirasa WebPOS/select_Tipe User Kasir 1Kasir 2Kasir 3Kasir_c131aa'  using regular expression

30-07-2024T14:25:42 - [MESSAGE][PASSED] - All options with value 'kasir_3' are selected in object 'Object Repository/Login_Sarirasa WebPOS/select_Tipe User Kasir 1Kasir 2Kasir 3Kasir_c131aa'  using regular expression

30-07-2024T14:25:42 - [TEST_STEP][PASSED] - selectOptionByValue(findTestObject("Object Repository/Login_Sarirasa WebPOS/select_Tipe User Kasir 1Kasir 2Kasir 3Kasir_c131aa"), "kasir_4", true): All options with value 'kasir_4' are selected in object 'Object Repository/Login_Sarirasa WebPOS/select_Tipe User Kasir 1Kasir 2Kasir 3Kasir_c131aa'  using regular expression

30-07-2024T14:25:43 - [MESSAGE][PASSED] - All options with value 'kasir_4' are selected in object 'Object Repository/Login_Sarirasa WebPOS/select_Tipe User Kasir 1Kasir 2Kasir 3Kasir_c131aa'  using regular expression

30-07-2024T14:25:43 - [TEST_STEP][PASSED] - selectOptionByValue(findTestObject("Object Repository/Login_Sarirasa WebPOS/select_Tipe User Kasir 1Kasir 2Kasir 3Kasir_c131aa"), "kasir_3", true): All options with value 'kasir_3' are selected in object 'Object Repository/Login_Sarirasa WebPOS/select_Tipe User Kasir 1Kasir 2Kasir 3Kasir_c131aa'  using regular expression

30-07-2024T14:25:44 - [MESSAGE][PASSED] - All options with value 'kasir_3' are selected in object 'Object Repository/Login_Sarirasa WebPOS/select_Tipe User Kasir 1Kasir 2Kasir 3Kasir_c131aa'  using regular expression

30-07-2024T14:25:44 - [TEST_STEP][PASSED] - selectOptionByValue(findTestObject("Login_Sarirasa WebPOS/3.Printer-Link Webposqc/select_Pilih Default PrinterPrinter HO (Gud_2b3e02"), "59", true): All options with value '59' are selected in object 'Object Repository/Login_Sarirasa WebPOS/3.Printer-Link Webposqc/select_Pilih Default PrinterPrinter HO (Gud_2b3e02'  using regular expression

30-07-2024T14:25:45 - [MESSAGE][PASSED] - All options with value '59' are selected in object 'Object Repository/Login_Sarirasa WebPOS/3.Printer-Link Webposqc/select_Pilih Default PrinterPrinter HO (Gud_2b3e02'  using regular expression

30-07-2024T14:25:45 - [TEST_STEP][PASSED] - selectOptionByValue(findTestObject("Login_Sarirasa WebPOS/3.Printer-Link Webposqc/select_Pilih Default PrinterPrinter HO (Gud_2b3e02"), "94", true): All options with value '94' are selected in object 'Object Repository/Login_Sarirasa WebPOS/3.Printer-Link Webposqc/select_Pilih Default PrinterPrinter HO (Gud_2b3e02'  using regular expression

30-07-2024T14:25:46 - [MESSAGE][PASSED] - All options with value '94' are selected in object 'Object Repository/Login_Sarirasa WebPOS/3.Printer-Link Webposqc/select_Pilih Default PrinterPrinter HO (Gud_2b3e02'  using regular expression

30-07-2024T14:25:46 - [TEST_STEP][PASSED] - selectOptionByValue(findTestObject("Login_Sarirasa WebPOS/3.Printer-Link Webposqc/select_Pilih Default PrinterPrinter HO (Gud_2b3e02"), "59", true): All options with value '59' are selected in object 'Object Repository/Login_Sarirasa WebPOS/3.Printer-Link Webposqc/select_Pilih Default PrinterPrinter HO (Gud_2b3e02'  using regular expression

30-07-2024T14:25:47 - [MESSAGE][PASSED] - All options with value '59' are selected in object 'Object Repository/Login_Sarirasa WebPOS/3.Printer-Link Webposqc/select_Pilih Default PrinterPrinter HO (Gud_2b3e02'  using regular expression

30-07-2024T14:25:47 - [TEST_STEP][PASSED] - click(findTestObject("Login_Sarirasa WebPOS/button_Simpan")): Object: 'Object Repository/Login_Sarirasa WebPOS/button_Simpan' is clicked on

30-07-2024T14:25:47 - [MESSAGE][PASSED] - Object: 'Object Repository/Login_Sarirasa WebPOS/button_Simpan' is clicked on

30-07-2024T14:25:47 - [TEST_STEP][PASSED] - click(findTestObject("Login_Sarirasa WebPOS/button_Batal")): Object: 'Object Repository/Login_Sarirasa WebPOS/button_Batal' is clicked on

30-07-2024T14:25:48 - [MESSAGE][PASSED] - Object: 'Object Repository/Login_Sarirasa WebPOS/button_Batal' is clicked on

30-07-2024T14:25:48 - [TEST_STEP][PASSED] - click(findTestObject("Login_Sarirasa WebPOS/button_Simpan")): Object: 'Object Repository/Login_Sarirasa WebPOS/button_Simpan' is clicked on

30-07-2024T14:25:49 - [MESSAGE][PASSED] - Object: 'Object Repository/Login_Sarirasa WebPOS/button_Simpan' is clicked on

30-07-2024T14:25:49 - [TEST_STEP][PASSED] - click(findTestObject("Login_Sarirasa WebPOS/button_OK")): Object: 'Object Repository/Login_Sarirasa WebPOS/button_OK' is clicked on

30-07-2024T14:25:50 - [MESSAGE][PASSED] - Object: 'Object Repository/Login_Sarirasa WebPOS/button_OK' is clicked on

30-07-2024T14:25:50 - [TEST_STEP][PASSED] - delay(3): Delayed 3 second(s)

30-07-2024T14:25:53 - [MESSAGE][PASSED] - Delayed 3 second(s)

30-07-2024T14:25:53 - [TEST_STEP][PASSED] - click(findTestObject("Login_Sarirasa WebPOS/span_LOGOUT")): Object: 'Object Repository/Login_Sarirasa WebPOS/span_LOGOUT' is clicked on

30-07-2024T14:25:53 - [MESSAGE][PASSED] - Object: 'Object Repository/Login_Sarirasa WebPOS/span_LOGOUT' is clicked on

30-07-2024T14:25:53 - [TEST_STEP][PASSED] - delay(3): Delayed 3 second(s)

30-07-2024T14:25:56 - [MESSAGE][PASSED] - Delayed 3 second(s)]]></system-out>
         <system-err><![CDATA[]]></system-err>
      </testcase>
      <testcase name="Test Cases/07. Login kasir B - kasir 1 (aktive-kasir A)" time="13.956" classname="Test Cases/07. Login kasir B - kasir 1 (aktive-kasir A)" status="PASSED">
         <system-out><![CDATA[30-07-2024T14:25:56 - [TEST_CASE][PASSED] - Test Cases/07. Login kasir B - kasir 1 (aktive-kasir A): Test Cases/07. Login kasir B - kasir 1 (aktive-kasir A)

30-07-2024T14:25:56 - [TEST_STEP][PASSED] - openBrowser(""): Browser is opened with url: ''

30-07-2024T14:25:56 - [MESSAGE][WARNING] - A browser is already opened. Closing browser and opening a new one

30-07-2024T14:25:57 - [MESSAGE][INFO] - Starting 'Chrome' driver

30-07-2024T14:25:57 - [MESSAGE][INFO] - Action delay is set to 0 milliseconds

30-07-2024T14:25:58 - [MESSAGE][PASSED] - Browser is opened with url: ''

30-07-2024T14:25:58 - [TEST_STEP][PASSED] - navigateToUrl("https://webposqc.missarirasa.com/login"): Navigate to 'https://webposqc.missarirasa.com/login' successfully

30-07-2024T14:26:02 - [MESSAGE][PASSED] - Navigate to 'https://webposqc.missarirasa.com/login' successfully

30-07-2024T14:26:02 - [TEST_STEP][PASSED] - maximizeWindow(): Current window maximized

30-07-2024T14:26:02 - [MESSAGE][PASSED] - Current window maximized

30-07-2024T14:26:02 - [TEST_STEP][PASSED] - click(findTestObject("Object Repository/Login_Sarirasa WebPOS/input_ID Sarirasa_inputNIK")): Object: 'Object Repository/Login_Sarirasa WebPOS/input_ID Sarirasa_inputNIK' is clicked on

30-07-2024T14:26:02 - [MESSAGE][PASSED] - Object: 'Object Repository/Login_Sarirasa WebPOS/input_ID Sarirasa_inputNIK' is clicked on

30-07-2024T14:26:02 - [TEST_STEP][PASSED] - setText(findTestObject("Object Repository/Login_Sarirasa WebPOS/input_ID Sarirasa_inputNIK"), "58035"): Text '58035' is set on object 'Object Repository/Login_Sarirasa WebPOS/input_ID Sarirasa_inputNIK'

30-07-2024T14:26:03 - [MESSAGE][PASSED] - Text '58035' is set on object 'Object Repository/Login_Sarirasa WebPOS/input_ID Sarirasa_inputNIK'

30-07-2024T14:26:03 - [TEST_STEP][PASSED] - setEncryptedText(findTestObject("Object Repository/Login_Sarirasa WebPOS/input_Password_inputPassword"), "Cg+cUiY7xQqTg1iegvaWgg=="): Text ****** has been set on object 'Object Repository/Login_Sarirasa WebPOS/input_Password_inputPassword'

30-07-2024T14:26:03 - [MESSAGE][PASSED] - Text ****** has been set on object 'Object Repository/Login_Sarirasa WebPOS/input_Password_inputPassword'

30-07-2024T14:26:03 - [TEST_STEP][PASSED] - click(findTestObject("Object Repository/Login_Sarirasa WebPOS/button_Login")): Object: 'Object Repository/Login_Sarirasa WebPOS/button_Login' is clicked on

30-07-2024T14:26:04 - [MESSAGE][PASSED] - Object: 'Object Repository/Login_Sarirasa WebPOS/button_Login' is clicked on

30-07-2024T14:26:04 - [TEST_STEP][PASSED] - selectOptionByValue(findTestObject("Object Repository/Login_Sarirasa WebPOS/select_Tipe User Kasir 1Kasir 2Kasir 3Kasir_c131aa"), "kasir_1", true): All options with value 'kasir_1' are selected in object 'Object Repository/Login_Sarirasa WebPOS/select_Tipe User Kasir 1Kasir 2Kasir 3Kasir_c131aa'  using regular expression

30-07-2024T14:26:05 - [MESSAGE][PASSED] - All options with value 'kasir_1' are selected in object 'Object Repository/Login_Sarirasa WebPOS/select_Tipe User Kasir 1Kasir 2Kasir 3Kasir_c131aa'  using regular expression

30-07-2024T14:26:05 - [TEST_STEP][PASSED] - selectOptionByValue(findTestObject("Object Repository/Login_Sarirasa WebPOS/select_Pilih Default PrinterPrinter HO (Gud_45e032"), "59", true): All options with value '59' are selected in object 'Object Repository/Login_Sarirasa WebPOS/select_Pilih Default PrinterPrinter HO (Gud_45e032'  using regular expression

30-07-2024T14:26:06 - [MESSAGE][PASSED] - All options with value '59' are selected in object 'Object Repository/Login_Sarirasa WebPOS/select_Pilih Default PrinterPrinter HO (Gud_45e032'  using regular expression

30-07-2024T14:26:06 - [TEST_STEP][PASSED] - click(findTestObject("Object Repository/Login_Sarirasa WebPOS/button_Simpan")): Object: 'Object Repository/Login_Sarirasa WebPOS/button_Simpan' is clicked on

30-07-2024T14:26:07 - [MESSAGE][PASSED] - Object: 'Object Repository/Login_Sarirasa WebPOS/button_Simpan' is clicked on

30-07-2024T14:26:07 - [TEST_STEP][PASSED] - click(findTestObject("Object Repository/Login_Sarirasa WebPOS/button_OK")): Object: 'Object Repository/Login_Sarirasa WebPOS/button_OK' is clicked on

30-07-2024T14:26:07 - [MESSAGE][PASSED] - Object: 'Object Repository/Login_Sarirasa WebPOS/button_OK' is clicked on

30-07-2024T14:26:07 - [TEST_STEP][PASSED] - delay(3): Delayed 3 second(s)

30-07-2024T14:26:10 - [MESSAGE][PASSED] - Delayed 3 second(s)]]></system-out>
         <system-err><![CDATA[]]></system-err>
      </testcase>
      <testcase name="Test Cases/08. Login kasir B - kasir 3" time="15.614" classname="Test Cases/08. Login kasir B - kasir 3" status="PASSED">
         <system-out><![CDATA[30-07-2024T14:26:10 - [TEST_CASE][PASSED] - Test Cases/08. Login kasir B - kasir 3: Test Cases/08. Login kasir B - kasir 3

30-07-2024T14:26:10 - [TEST_STEP][PASSED] - openBrowser(""): Browser is opened with url: ''

30-07-2024T14:26:10 - [MESSAGE][WARNING] - A browser is already opened. Closing browser and opening a new one

30-07-2024T14:26:11 - [MESSAGE][INFO] - Starting 'Chrome' driver

30-07-2024T14:26:11 - [MESSAGE][INFO] - Action delay is set to 0 milliseconds

30-07-2024T14:26:12 - [MESSAGE][PASSED] - Browser is opened with url: ''

30-07-2024T14:26:12 - [TEST_STEP][PASSED] - navigateToUrl("https://webposqc.missarirasa.com/login"): Navigate to 'https://webposqc.missarirasa.com/login' successfully

30-07-2024T14:26:16 - [MESSAGE][PASSED] - Navigate to 'https://webposqc.missarirasa.com/login' successfully

30-07-2024T14:26:16 - [TEST_STEP][PASSED] - maximizeWindow(): Current window maximized

30-07-2024T14:26:16 - [MESSAGE][PASSED] - Current window maximized

30-07-2024T14:26:16 - [TEST_STEP][PASSED] - click(findTestObject("Object Repository/Login_Sarirasa WebPOS/input_ID Sarirasa_inputNIK")): Object: 'Object Repository/Login_Sarirasa WebPOS/input_ID Sarirasa_inputNIK' is clicked on

30-07-2024T14:26:16 - [MESSAGE][PASSED] - Object: 'Object Repository/Login_Sarirasa WebPOS/input_ID Sarirasa_inputNIK' is clicked on

30-07-2024T14:26:16 - [TEST_STEP][PASSED] - setText(findTestObject("Object Repository/Login_Sarirasa WebPOS/input_ID Sarirasa_inputNIK"), "58035"): Text '58035' is set on object 'Object Repository/Login_Sarirasa WebPOS/input_ID Sarirasa_inputNIK'

30-07-2024T14:26:17 - [MESSAGE][PASSED] - Text '58035' is set on object 'Object Repository/Login_Sarirasa WebPOS/input_ID Sarirasa_inputNIK'

30-07-2024T14:26:17 - [TEST_STEP][PASSED] - setEncryptedText(findTestObject("Object Repository/Login_Sarirasa WebPOS/input_Password_inputPassword"), "Cg+cUiY7xQqTg1iegvaWgg=="): Text ****** has been set on object 'Object Repository/Login_Sarirasa WebPOS/input_Password_inputPassword'

30-07-2024T14:26:17 - [MESSAGE][PASSED] - Text ****** has been set on object 'Object Repository/Login_Sarirasa WebPOS/input_Password_inputPassword'

30-07-2024T14:26:17 - [TEST_STEP][PASSED] - click(findTestObject("Object Repository/Login_Sarirasa WebPOS/button_Login")): Object: 'Object Repository/Login_Sarirasa WebPOS/button_Login' is clicked on

30-07-2024T14:26:18 - [MESSAGE][PASSED] - Object: 'Object Repository/Login_Sarirasa WebPOS/button_Login' is clicked on

30-07-2024T14:26:18 - [TEST_STEP][PASSED] - selectOptionByValue(findTestObject("Object Repository/Login_Sarirasa WebPOS/select_Tipe User Kasir 1Kasir 2Kasir 3Kasir_c131aa"), "kasir_3", true): All options with value 'kasir_3' are selected in object 'Object Repository/Login_Sarirasa WebPOS/select_Tipe User Kasir 1Kasir 2Kasir 3Kasir_c131aa'  using regular expression

30-07-2024T14:26:19 - [MESSAGE][PASSED] - All options with value 'kasir_3' are selected in object 'Object Repository/Login_Sarirasa WebPOS/select_Tipe User Kasir 1Kasir 2Kasir 3Kasir_c131aa'  using regular expression

30-07-2024T14:26:19 - [TEST_STEP][PASSED] - selectOptionByValue(findTestObject("Object Repository/Login_Sarirasa WebPOS/select_Pilih Default PrinterPrinter HO (Gud_45e032"), "59", true): All options with value '59' are selected in object 'Object Repository/Login_Sarirasa WebPOS/select_Pilih Default PrinterPrinter HO (Gud_45e032'  using regular expression

30-07-2024T14:26:20 - [MESSAGE][PASSED] - All options with value '59' are selected in object 'Object Repository/Login_Sarirasa WebPOS/select_Pilih Default PrinterPrinter HO (Gud_45e032'  using regular expression

30-07-2024T14:26:20 - [TEST_STEP][PASSED] - click(findTestObject("Object Repository/Login_Sarirasa WebPOS/button_Simpan")): Object: 'Object Repository/Login_Sarirasa WebPOS/button_Simpan' is clicked on

30-07-2024T14:26:20 - [MESSAGE][PASSED] - Object: 'Object Repository/Login_Sarirasa WebPOS/button_Simpan' is clicked on

30-07-2024T14:26:20 - [TEST_STEP][PASSED] - click(findTestObject("Object Repository/Login_Sarirasa WebPOS/button_OK")): Object: 'Object Repository/Login_Sarirasa WebPOS/button_OK' is clicked on

30-07-2024T14:26:21 - [MESSAGE][PASSED] - Object: 'Object Repository/Login_Sarirasa WebPOS/button_OK' is clicked on

30-07-2024T14:26:21 - [TEST_STEP][PASSED] - delay(5): Delayed 5 second(s)

30-07-2024T14:26:26 - [MESSAGE][PASSED] - Delayed 5 second(s)]]></system-out>
         <system-err><![CDATA[]]></system-err>
      </testcase>
      <system-out><![CDATA[30-07-2024T14:23:30 - [TEST_SUITE][PASSED] - Flow Login: Test Cases/08. Login kasir B - kasir 3]]></system-out>
      <system-err><![CDATA[]]></system-err>
   </testsuite>
</testsuites>
